#
# A fatal error has been detected by the Java Runtime Environment:
#
#  SIGSEGV (0xb) at pc=0x00007f115132e7e2, pid=11873, tid=11889
#
# JRE version: OpenJDK Runtime Environment (11.0.8+10) (build 11.0.8+10-post-Ubuntu-0ubuntu118.04.1)
# Java VM: OpenJDK 64-Bit Server VM (11.0.8+10-post-Ubuntu-0ubuntu118.04.1, mixed mode, sharing, tiered, compressed oops, g1 gc, linux-amd64)
# Problematic frame:
# C  [libvosk_jni_cpu.so+0x2437e2]  KaldiRecognizer::~KaldiRecognizer()+0x12
#
# Core dump will be written. Default location: Core dumps may be processed with "/usr/share/apport/apport %p %s %c %d %P %E" (or dumping to /home/sitdikov/IdeaProjects/fonetic-asr/core.11873)
#
# If you would like to submit a bug report, please visit:
#   https://bugs.launchpad.net/ubuntu/+source/openjdk-lts
# The crash happened outside the Java Virtual Machine in native code.
# See problematic frame for where to report the bug.
#

---------------  S U M M A R Y ------------

Command Line: -Djava.library.path=/home/sitdikov/IdeaProjects/fonetic-asr/lid/ -javaagent:/home/sitdikov/idea-IU-201.6668.121/lib/idea_rt.jar=44721:/home/sitdikov/idea-IU-201.6668.121/bin -Dfile.encoding=UTF-8 l2m.LidMain

Host: Intel(R) Core(TM) i5-6500 CPU @ 3.20GHz, 4 cores, 15G, Ubuntu 18.04.4 LTS
Time: Wed Sep 23 11:39:40 2020 +03 elapsed time: 459 seconds (0d 0h 7m 39s)

---------------  T H R E A D  ---------------

Current thread (0x00007f1188223000):  JavaThread "Finalizer" daemon [_thread_in_native, id=11889, stack(0x00007f11534fc000,0x00007f11535fd000)]

Stack: [0x00007f11534fc000,0x00007f11535fd000],  sp=0x00007f11535fb760,  free space=1021k
Native frames: (J=compiled Java code, A=aot compiled Java code, j=interpreted, Vv=VM code, C=native code)
C  [libvosk_jni_cpu.so+0x2437e2]  KaldiRecognizer::~KaldiRecognizer()+0x12
j  l2m.KaldiRecognizer.delete()V+25
j  l2m.KaldiRecognizer.finalize()V+1
j  java.lang.System$2.invokeFinalize(Ljava/lang/Object;)V+1 java.base@11.0.8
j  java.lang.ref.Finalizer.runFinalizer(Ljdk/internal/misc/JavaLangAccess;)V+101 java.base@11.0.8
j  java.lang.ref.Finalizer$FinalizerThread.run()V+46 java.base@11.0.8
v  ~StubRoutines::call_stub
V  [libjvm.so+0x84eb09]
V  [libjvm.so+0x84cc4d]
V  [libjvm.so+0x8f6c9c]
V  [libjvm.so+0xd8996f]
V  [libjvm.so+0xd860bf]
V  [libjvm.so+0xbd632e]

Java frames: (J=compiled Java code, j=interpreted, Vv=VM code)
j  l2m.voskJNI.delete_KaldiRecognizer(J)V+0
j  l2m.KaldiRecognizer.delete()V+25
j  l2m.KaldiRecognizer.finalize()V+1
j  java.lang.System$2.invokeFinalize(Ljava/lang/Object;)V+1 java.base@11.0.8
j  java.lang.ref.Finalizer.runFinalizer(Ljdk/internal/misc/JavaLangAccess;)V+101 java.base@11.0.8
j  java.lang.ref.Finalizer$FinalizerThread.run()V+46 java.base@11.0.8
v  ~StubRoutines::call_stub

siginfo: si_signo: 11 (SIGSEGV), si_code: 1 (SEGV_MAPERR), si_addr: 0x0000000900000008

Register to memory mapping:

RAX=0x00007f115132d2f0: Java_l2m_voskJNI_delete_1KaldiRecognizer+0x0000000000000000 in /home/sitdikov/IdeaProjects/fonetic-asr/lid/libvosk_jni_cpu.so at 0x00007f11510eb000
RBX=0x00007f110b0fcc10 points into unknown readable memory: 00 00 00 00 00 00 00 00
RCX=0x0000000000000018 is an unknown value
RDX=0x00007f110b0fcc10 points into unknown readable memory: 00 00 00 00 00 00 00 00
RSP=0x00007f11535fb760 is pointing into the stack for thread: 0x00007f1188223000
RBP=0x00007f11535fb7f0 is pointing into the stack for thread: 0x00007f1188223000
RSI=0x00007f11535fb800 is pointing into the stack for thread: 0x00007f1188223000
RDI=0x0000000900000008 is an unknown value
R8 ={method} {0x00007f1153c134d8} 'delete_KaldiRecognizer' '(J)V' in 'l2m/voskJNI'
R9 =0x0000000000000004 is an unknown value
R10=0x0000000000000009 is an unknown value
R11=0x00007f115132e7d0: _ZN15KaldiRecognizerD1Ev+0x0000000000000000 in /home/sitdikov/IdeaProjects/fonetic-asr/lid/libvosk_jni_cpu.so at 0x00007f11510eb000
R12=0x0 is NULL
R13=0x00007f1153c134d0 is pointing into metadata
R14=0x00007f11535fb818 is pointing into the stack for thread: 0x00007f1188223000
R15=0x00007f1188223000 is a thread


Registers:
RAX=0x00007f115132d2f0, RBX=0x00007f110b0fcc10, RCX=0x0000000000000018, RDX=0x00007f110b0fcc10
RSP=0x00007f11535fb760, RBP=0x00007f11535fb7f0, RSI=0x00007f11535fb800, RDI=0x0000000900000008
R8 =0x00007f1153c134d8, R9 =0x0000000000000004, R10=0x0000000000000009, R11=0x00007f115132e7d0
R12=0x0000000000000000, R13=0x00007f1153c134d0, R14=0x00007f11535fb818, R15=0x00007f1188223000
RIP=0x00007f115132e7e2, EFLAGS=0x0000000000010202, CSGSFS=0x002b000000000033, ERR=0x0000000000000004
  TRAPNO=0x000000000000000e

Top of Stack: (sp=0x00007f11535fb760)
0x00007f11535fb760:   00007f110b0fcc10 00007f110b0fcc10
0x00007f11535fb770:   00007f11535fb7f0 00007f115132d30c
0x00007f11535fb780:   00007f1153c134d8 00007f11700d1370
0x00007f11535fb790:   00007f11535fb7f0 00007f11700d10be 

Instructions: (pc=0x00007f115132e7e2)
0x00007f115132e6e2:   48 89 fb 48 89 77 38 c7 47 60 00 00 00 00 48 c7
0x00007f115132e6f2:   47 68 00 00 00 00 48 89 47 70 48 89 47 78 48 c7
0x00007f115132e702:   87 80 00 00 00 00 00 00 00 4c 89 a7 98 00 00 00
0x00007f115132e712:   48 c7 87 a0 00 00 00 00 00 00 00 c6 87 a8 00 00
0x00007f115132e722:   00 00 4c 89 af b8 00 00 00 48 c7 87 c0 00 00 00
0x00007f115132e732:   00 00 00 00 c6 87 c8 00 00 00 00 48 89 f7 e8 7b
0x00007f115132e742:   80 ff ff bf 88 01 00 00 e8 51 17 ff ff 48 89 c5
0x00007f115132e752:   48 8b 43 38 48 89 ef 48 8d b0 70 01 00 00 e8 0b
0x00007f115132e762:   55 ff ff 48 89 6b 48 5b 5d 41 5c 41 5d 41 5e c3
0x00007f115132e772:   48 89 c5 48 8b bb b8 00 00 00 49 39 fd 74 05 e8
0x00007f115132e782:   ca 0f ff ff 48 8b bb 98 00 00 00 49 39 fc 74 05
0x00007f115132e792:   e8 b9 0f ff ff 48 8b 73 68 48 8d 7b 58 e8 6c b6
0x00007f115132e7a2:   fe ff 48 89 ef e8 b4 a3 ff ff 49 89 c6 48 89 ef
0x00007f115132e7b2:   be 88 01 00 00 e8 54 1a ff ff 4c 89 f5 eb b4 90
0x00007f115132e7c2:   0f 1f 40 00 66 2e 0f 1f 84 00 00 00 00 00 55 53
0x00007f115132e7d2:   48 89 fb 48 83 ec 08 48 8b 7f 20 48 85 ff 74 06
0x00007f115132e7e2:   48 8b 07 ff 50 38 48 8b 6b 28 48 85 ed 74 24 48
0x00007f115132e7f2:   8b 7d 50 48 85 ff 74 05 e8 51 0f ff ff 48 8d 7d
0x00007f115132e802:   18 e8 18 ba fe ff be 70 00 00 00 48 89 ef e8 fb
0x00007f115132e812:   19 ff ff 48 8b 6b 08 48 85 ed 74 3a 48 8d bd 48
0x00007f115132e822:   01 00 00 e8 96 12 ff ff 48 8b 05 b7 3c 80 00 48
0x00007f115132e832:   8d 7d 60 48 83 c0 10 48 89 45 18 e8 3e 48 ff ff
0x00007f115132e842:   48 8d 7d 20 e8 f5 29 ff ff be 80 02 00 00 48 89
0x00007f115132e852:   ef e8 b8 19 ff ff 48 8b 7b 18 48 85 ff 74 06 48
0x00007f115132e862:   8b 07 ff 50 08 48 8b 7b 10 48 85 ff 74 06 48 8b
0x00007f115132e872:   07 ff 50 08 48 8b 7b 40 48 85 ff 74 06 48 8b 07
0x00007f115132e882:   ff 50 38 48 8b 7b 50 48 85 ff 74 06 48 8b 07 ff
0x00007f115132e892:   50 08 48 8b 7b 48 48 85 ff 74 06 48 8b 07 ff 50
0x00007f115132e8a2:   38 48 8b 3b 48 85 ff 74 05 e8 20 82 fe ff 48 8b
0x00007f115132e8b2:   7b 30 48 85 ff 74 05 e8 d2 24 ff ff 48 8b 7b 38
0x00007f115132e8c2:   48 85 ff 74 05 e8 a4 79 fe ff 48 8b bb b8 00 00
0x00007f115132e8d2:   00 48 8d 83 c8 00 00 00 48 39 c7 74 05 e8 6c 0e 


Stack slot to memory mapping:
stack at sp + 0 slots: 0x00007f110b0fcc10 points into unknown readable memory: 00 00 00 00 00 00 00 00
stack at sp + 1 slots: 0x00007f110b0fcc10 points into unknown readable memory: 00 00 00 00 00 00 00 00
stack at sp + 2 slots: 0x00007f11535fb7f0 is pointing into the stack for thread: 0x00007f1188223000
stack at sp + 3 slots: 0x00007f115132d30c: Java_l2m_voskJNI_delete_1KaldiRecognizer+0x000000000000001c in /home/sitdikov/IdeaProjects/fonetic-asr/lid/libvosk_jni_cpu.so at 0x00007f11510eb000
stack at sp + 4 slots: {method} {0x00007f1153c134d8} 'delete_KaldiRecognizer' '(J)V' in 'l2m/voskJNI'
stack at sp + 5 slots: 0x00007f11700d1370 is at code_begin+944 in an Interpreter codelet
method entry point (kind = native)  [0x00007f11700d0fc0, 0x00007f11700d1940]  2432 bytes
stack at sp + 6 slots: 0x00007f11535fb7f0 is pointing into the stack for thread: 0x00007f1188223000
stack at sp + 7 slots: 0x00007f11700d10be is at code_begin+254 in an Interpreter codelet
method entry point (kind = native)  [0x00007f11700d0fc0, 0x00007f11700d1940]  2432 bytes


---------------  P R O C E S S  ---------------

Threads class SMR info:
_java_thread_list=0x00007f11184054a0, length=11, elements={
0x00007f1188018000, 0x00007f1188221000, 0x00007f1188223000, 0x00007f1188229800,
0x00007f118822c000, 0x00007f118822e000, 0x00007f118822f800, 0x00007f118823e000,
0x00007f118830d800, 0x00007f118830f800, 0x00007f1138001000
}

Java Threads: ( => current thread )
  0x00007f1188018000 JavaThread "main" [_thread_in_native, id=11879, stack(0x00007f118f8cd000,0x00007f118f9ce000)]
  0x00007f1188221000 JavaThread "Reference Handler" daemon [_thread_blocked, id=11888, stack(0x00007f11535fd000,0x00007f11536fe000)]
=>0x00007f1188223000 JavaThread "Finalizer" daemon [_thread_in_native, id=11889, stack(0x00007f11534fc000,0x00007f11535fd000)]
  0x00007f1188229800 JavaThread "Signal Dispatcher" daemon [_thread_blocked, id=11891, stack(0x00007f1152fa4000,0x00007f11530a5000)]
  0x00007f118822c000 JavaThread "C2 CompilerThread0" daemon [_thread_blocked, id=11892, stack(0x00007f1152ea3000,0x00007f1152fa4000)]
  0x00007f118822e000 JavaThread "C1 CompilerThread0" daemon [_thread_blocked, id=11895, stack(0x00007f1152da2000,0x00007f1152ea3000)]
  0x00007f118822f800 JavaThread "Sweeper thread" daemon [_thread_blocked, id=11897, stack(0x00007f1152ca1000,0x00007f1152da2000)]
  0x00007f118823e000 JavaThread "Common-Cleaner" daemon [_thread_blocked, id=11901, stack(0x00007f1152ba0000,0x00007f1152ca1000)]
  0x00007f118830d800 JavaThread "Monitor Ctrl-Break" daemon [_thread_in_native, id=11902, stack(0x00007f1152677000,0x00007f1152778000)]
  0x00007f118830f800 JavaThread "Service Thread" daemon [_thread_blocked, id=11903, stack(0x00007f1152576000,0x00007f1152677000)]
  0x00007f1138001000 JavaThread "Attach Listener" daemon [_thread_blocked, id=11922, stack(0x00007f1151d69000,0x00007f1151e6a000)]

Other Threads:
  0x00007f118821e000 VMThread "VM Thread" [stack: 0x00007f1153700000,0x00007f1153800000] [id=11887]
  0x00007f1188311000 WatcherThread [stack: 0x00007f1152476000,0x00007f1152576000] [id=11904]
  0x00007f1188030000 GCTaskThread "GC Thread#0" [stack: 0x00007f116fed7000,0x00007f116ffd7000] [id=11880]
  0x00007f1148001000 GCTaskThread "GC Thread#1" [stack: 0x00007f1152070000,0x00007f1152170000] [id=11908]
  0x00007f1148002800 GCTaskThread "GC Thread#2" [stack: 0x00007f1151f6e000,0x00007f115206e000] [id=11909]
  0x00007f1148004000 GCTaskThread "GC Thread#3" [stack: 0x00007f1151e6c000,0x00007f1151f6c000] [id=11910]
  0x00007f118808c800 ConcurrentGCThread "G1 Main Marker" [stack: 0x00007f116e2ca000,0x00007f116e3ca000] [id=11881]
  0x00007f118808e800 ConcurrentGCThread "G1 Conc#0" [stack: 0x00007f116e1c8000,0x00007f116e2c8000] [id=11882]
  0x00007f118817a000 ConcurrentGCThread "G1 Refine#0" [stack: 0x00007f116012d000,0x00007f116022d000] [id=11884]
  0x00007f118817c000 ConcurrentGCThread "G1 Young RemSet Sampling" [stack: 0x00007f116002b000,0x00007f116012b000] [id=11885]

Threads with active compile tasks:

VM state:not at safepoint (normal execution)

VM Mutex/Monitor currently owned by a thread: None

Heap address: 0x000000070a600000, size: 3930 MB, Compressed Oops mode: Zero based, Oop shift amount: 3
Narrow klass base: 0x0000000800000000, Narrow klass shift: 3
Compressed class space size: 1073741824 Address: 0x0000000840000000

Heap:
 garbage-first heap   total 253952K, used 6493K [0x000000070a600000, 0x0000000800000000)
  region size 1024K, 6 young (6144K), 5 survivors (5120K)
 Metaspace       used 7055K, capacity 9069K, committed 9344K, reserved 1058816K
  class space    used 619K, capacity 864K, committed 896K, reserved 1048576K
Heap Regions: E=young(eden), S=young(survivor), O=old, HS=humongous(starts), HC=humongous(continues), CS=collection set, F=free, A=archive, TAMS=top-at-mark-start (previous, next)
|   0|0x000000070a600000, 0x000000070a700000, 0x000000070a700000|100%| O|  |TAMS 0x000000070a600000, 0x000000070a600000| Untracked 
|   1|0x000000070a700000, 0x000000070a790400, 0x000000070a800000| 56%| O|  |TAMS 0x000000070a700000, 0x000000070a700000| Untracked 
|   2|0x000000070a800000, 0x000000070a800000, 0x000000070a900000|  0%| F|  |TAMS 0x000000070a800000, 0x000000070a800000| Untracked 
|   3|0x000000070a900000, 0x000000070a900000, 0x000000070aa00000|  0%| F|  |TAMS 0x000000070a900000, 0x000000070a900000| Untracked 
|   4|0x000000070aa00000, 0x000000070aa00000, 0x000000070ab00000|  0%| F|  |TAMS 0x000000070aa00000, 0x000000070aa00000| Untracked 
|   5|0x000000070ab00000, 0x000000070ab00000, 0x000000070ac00000|  0%| F|  |TAMS 0x000000070ab00000, 0x000000070ab00000| Untracked 
|   6|0x000000070ac00000, 0x000000070ac00000, 0x000000070ad00000|  0%| F|  |TAMS 0x000000070ac00000, 0x000000070ac00000| Untracked 
|   7|0x000000070ad00000, 0x000000070ad00000, 0x000000070ae00000|  0%| F|  |TAMS 0x000000070ad00000, 0x000000070ad00000| Untracked 
|   8|0x000000070ae00000, 0x000000070ae00000, 0x000000070af00000|  0%| F|  |TAMS 0x000000070ae00000, 0x000000070ae00000| Untracked 
|   9|0x000000070af00000, 0x000000070af00000, 0x000000070b000000|  0%| F|  |TAMS 0x000000070af00000, 0x000000070af00000| Untracked 
|  10|0x000000070b000000, 0x000000070b000000, 0x000000070b100000|  0%| F|  |TAMS 0x000000070b000000, 0x000000070b000000| Untracked 
|  11|0x000000070b100000, 0x000000070b100000, 0x000000070b200000|  0%| F|  |TAMS 0x000000070b100000, 0x000000070b100000| Untracked 
|  12|0x000000070b200000, 0x000000070b200000, 0x000000070b300000|  0%| F|  |TAMS 0x000000070b200000, 0x000000070b200000| Untracked 
|  13|0x000000070b300000, 0x000000070b300000, 0x000000070b400000|  0%| F|  |TAMS 0x000000070b300000, 0x000000070b300000| Untracked 
|  14|0x000000070b400000, 0x000000070b400000, 0x000000070b500000|  0%| F|  |TAMS 0x000000070b400000, 0x000000070b400000| Untracked 
|  15|0x000000070b500000, 0x000000070b500000, 0x000000070b600000|  0%| F|  |TAMS 0x000000070b500000, 0x000000070b500000| Untracked 
|  16|0x000000070b600000, 0x000000070b600000, 0x000000070b700000|  0%| F|  |TAMS 0x000000070b600000, 0x000000070b600000| Untracked 
|  17|0x000000070b700000, 0x000000070b700000, 0x000000070b800000|  0%| F|  |TAMS 0x000000070b700000, 0x000000070b700000| Untracked 
|  18|0x000000070b800000, 0x000000070b800000, 0x000000070b900000|  0%| F|  |TAMS 0x000000070b800000, 0x000000070b800000| Untracked 
|  19|0x000000070b900000, 0x000000070b900000, 0x000000070ba00000|  0%| F|  |TAMS 0x000000070b900000, 0x000000070b900000| Untracked 
|  20|0x000000070ba00000, 0x000000070ba00000, 0x000000070bb00000|  0%| F|  |TAMS 0x000000070ba00000, 0x000000070ba00000| Untracked 
|  21|0x000000070bb00000, 0x000000070bb00000, 0x000000070bc00000|  0%| F|  |TAMS 0x000000070bb00000, 0x000000070bb00000| Untracked 
|  22|0x000000070bc00000, 0x000000070bc00000, 0x000000070bd00000|  0%| F|  |TAMS 0x000000070bc00000, 0x000000070bc00000| Untracked 
|  23|0x000000070bd00000, 0x000000070bd00000, 0x000000070be00000|  0%| F|  |TAMS 0x000000070bd00000, 0x000000070bd00000| Untracked 
|  24|0x000000070be00000, 0x000000070be00000, 0x000000070bf00000|  0%| F|  |TAMS 0x000000070be00000, 0x000000070be00000| Untracked 
|  25|0x000000070bf00000, 0x000000070bf00000, 0x000000070c000000|  0%| F|  |TAMS 0x000000070bf00000, 0x000000070bf00000| Untracked 
|  26|0x000000070c000000, 0x000000070c000000, 0x000000070c100000|  0%| F|  |TAMS 0x000000070c000000, 0x000000070c000000| Untracked 
|  27|0x000000070c100000, 0x000000070c100000, 0x000000070c200000|  0%| F|  |TAMS 0x000000070c100000, 0x000000070c100000| Untracked 
|  28|0x000000070c200000, 0x000000070c200000, 0x000000070c300000|  0%| F|  |TAMS 0x000000070c200000, 0x000000070c200000| Untracked 
|  29|0x000000070c300000, 0x000000070c300000, 0x000000070c400000|  0%| F|  |TAMS 0x000000070c300000, 0x000000070c300000| Untracked 
|  30|0x000000070c400000, 0x000000070c400000, 0x000000070c500000|  0%| F|  |TAMS 0x000000070c400000, 0x000000070c400000| Untracked 
|  31|0x000000070c500000, 0x000000070c500000, 0x000000070c600000|  0%| F|  |TAMS 0x000000070c500000, 0x000000070c500000| Untracked 
|  32|0x000000070c600000, 0x000000070c600000, 0x000000070c700000|  0%| F|  |TAMS 0x000000070c600000, 0x000000070c600000| Untracked 
|  33|0x000000070c700000, 0x000000070c700000, 0x000000070c800000|  0%| F|  |TAMS 0x000000070c700000, 0x000000070c700000| Untracked 
|  34|0x000000070c800000, 0x000000070c800000, 0x000000070c900000|  0%| F|  |TAMS 0x000000070c800000, 0x000000070c800000| Untracked 
|  35|0x000000070c900000, 0x000000070c900000, 0x000000070ca00000|  0%| F|  |TAMS 0x000000070c900000, 0x000000070c900000| Untracked 
|  36|0x000000070ca00000, 0x000000070ca00000, 0x000000070cb00000|  0%| F|  |TAMS 0x000000070ca00000, 0x000000070ca00000| Untracked 
|  37|0x000000070cb00000, 0x000000070cb00000, 0x000000070cc00000|  0%| F|  |TAMS 0x000000070cb00000, 0x000000070cb00000| Untracked 
|  38|0x000000070cc00000, 0x000000070cc00000, 0x000000070cd00000|  0%| F|  |TAMS 0x000000070cc00000, 0x000000070cc00000| Untracked 
|  39|0x000000070cd00000, 0x000000070cd00000, 0x000000070ce00000|  0%| F|  |TAMS 0x000000070cd00000, 0x000000070cd00000| Untracked 
|  40|0x000000070ce00000, 0x000000070ce00000, 0x000000070cf00000|  0%| F|  |TAMS 0x000000070ce00000, 0x000000070ce00000| Untracked 
|  41|0x000000070cf00000, 0x000000070cf00000, 0x000000070d000000|  0%| F|  |TAMS 0x000000070cf00000, 0x000000070cf00000| Untracked 
|  42|0x000000070d000000, 0x000000070d000000, 0x000000070d100000|  0%| F|  |TAMS 0x000000070d000000, 0x000000070d000000| Untracked 
|  43|0x000000070d100000, 0x000000070d100000, 0x000000070d200000|  0%| F|  |TAMS 0x000000070d100000, 0x000000070d100000| Untracked 
|  44|0x000000070d200000, 0x000000070d200000, 0x000000070d300000|  0%| F|  |TAMS 0x000000070d200000, 0x000000070d200000| Untracked 
|  45|0x000000070d300000, 0x000000070d300000, 0x000000070d400000|  0%| F|  |TAMS 0x000000070d300000, 0x000000070d300000| Untracked 
|  46|0x000000070d400000, 0x000000070d400000, 0x000000070d500000|  0%| F|  |TAMS 0x000000070d400000, 0x000000070d400000| Untracked 
|  47|0x000000070d500000, 0x000000070d500000, 0x000000070d600000|  0%| F|  |TAMS 0x000000070d500000, 0x000000070d500000| Untracked 
|  48|0x000000070d600000, 0x000000070d600000, 0x000000070d700000|  0%| F|  |TAMS 0x000000070d600000, 0x000000070d600000| Untracked 
|  49|0x000000070d700000, 0x000000070d700000, 0x000000070d800000|  0%| F|  |TAMS 0x000000070d700000, 0x000000070d700000| Untracked 
|  50|0x000000070d800000, 0x000000070d800000, 0x000000070d900000|  0%| F|  |TAMS 0x000000070d800000, 0x000000070d800000| Untracked 
|  51|0x000000070d900000, 0x000000070d900000, 0x000000070da00000|  0%| F|  |TAMS 0x000000070d900000, 0x000000070d900000| Untracked 
|  52|0x000000070da00000, 0x000000070da00000, 0x000000070db00000|  0%| F|  |TAMS 0x000000070da00000, 0x000000070da00000| Untracked 
|  53|0x000000070db00000, 0x000000070db00000, 0x000000070dc00000|  0%| F|  |TAMS 0x000000070db00000, 0x000000070db00000| Untracked 
|  54|0x000000070dc00000, 0x000000070dc00000, 0x000000070dd00000|  0%| F|  |TAMS 0x000000070dc00000, 0x000000070dc00000| Untracked 
|  55|0x000000070dd00000, 0x000000070dd00000, 0x000000070de00000|  0%| F|  |TAMS 0x000000070dd00000, 0x000000070dd00000| Untracked 
|  56|0x000000070de00000, 0x000000070de00000, 0x000000070df00000|  0%| F|  |TAMS 0x000000070de00000, 0x000000070de00000| Untracked 
|  57|0x000000070df00000, 0x000000070df00000, 0x000000070e000000|  0%| F|  |TAMS 0x000000070df00000, 0x000000070df00000| Untracked 
|  58|0x000000070e000000, 0x000000070e000000, 0x000000070e100000|  0%| F|  |TAMS 0x000000070e000000, 0x000000070e000000| Untracked 
|  59|0x000000070e100000, 0x000000070e100000, 0x000000070e200000|  0%| F|  |TAMS 0x000000070e100000, 0x000000070e100000| Untracked 
|  60|0x000000070e200000, 0x000000070e200000, 0x000000070e300000|  0%| F|  |TAMS 0x000000070e200000, 0x000000070e200000| Untracked 
|  61|0x000000070e300000, 0x000000070e300000, 0x000000070e400000|  0%| F|  |TAMS 0x000000070e300000, 0x000000070e300000| Untracked 
|  62|0x000000070e400000, 0x000000070e400000, 0x000000070e500000|  0%| F|  |TAMS 0x000000070e400000, 0x000000070e400000| Untracked 
|  63|0x000000070e500000, 0x000000070e500000, 0x000000070e600000|  0%| F|  |TAMS 0x000000070e500000, 0x000000070e500000| Untracked 
|  64|0x000000070e600000, 0x000000070e600000, 0x000000070e700000|  0%| F|  |TAMS 0x000000070e600000, 0x000000070e600000| Untracked 
|  65|0x000000070e700000, 0x000000070e700000, 0x000000070e800000|  0%| F|  |TAMS 0x000000070e700000, 0x000000070e700000| Untracked 
|  66|0x000000070e800000, 0x000000070e800000, 0x000000070e900000|  0%| F|  |TAMS 0x000000070e800000, 0x000000070e800000| Untracked 
|  67|0x000000070e900000, 0x000000070e900000, 0x000000070ea00000|  0%| F|  |TAMS 0x000000070e900000, 0x000000070e900000| Untracked 
|  68|0x000000070ea00000, 0x000000070ea00000, 0x000000070eb00000|  0%| F|  |TAMS 0x000000070ea00000, 0x000000070ea00000| Untracked 
|  69|0x000000070eb00000, 0x000000070eb00000, 0x000000070ec00000|  0%| F|  |TAMS 0x000000070eb00000, 0x000000070eb00000| Untracked 
|  70|0x000000070ec00000, 0x000000070ec00000, 0x000000070ed00000|  0%| F|  |TAMS 0x000000070ec00000, 0x000000070ec00000| Untracked 
|  71|0x000000070ed00000, 0x000000070ed00000, 0x000000070ee00000|  0%| F|  |TAMS 0x000000070ed00000, 0x000000070ed00000| Untracked 
|  72|0x000000070ee00000, 0x000000070ee00000, 0x000000070ef00000|  0%| F|  |TAMS 0x000000070ee00000, 0x000000070ee00000| Untracked 
|  73|0x000000070ef00000, 0x000000070ef00000, 0x000000070f000000|  0%| F|  |TAMS 0x000000070ef00000, 0x000000070ef00000| Untracked 
|  74|0x000000070f000000, 0x000000070f000000, 0x000000070f100000|  0%| F|  |TAMS 0x000000070f000000, 0x000000070f000000| Untracked 
|  75|0x000000070f100000, 0x000000070f100000, 0x000000070f200000|  0%| F|  |TAMS 0x000000070f100000, 0x000000070f100000| Untracked 
|  76|0x000000070f200000, 0x000000070f200000, 0x000000070f300000|  0%| F|  |TAMS 0x000000070f200000, 0x000000070f200000| Untracked 
|  77|0x000000070f300000, 0x000000070f300000, 0x000000070f400000|  0%| F|  |TAMS 0x000000070f300000, 0x000000070f300000| Untracked 
|  78|0x000000070f400000, 0x000000070f400000, 0x000000070f500000|  0%| F|  |TAMS 0x000000070f400000, 0x000000070f400000| Untracked 
|  79|0x000000070f500000, 0x000000070f500000, 0x000000070f600000|  0%| F|  |TAMS 0x000000070f500000, 0x000000070f500000| Untracked 
|  80|0x000000070f600000, 0x000000070f600000, 0x000000070f700000|  0%| F|  |TAMS 0x000000070f600000, 0x000000070f600000| Untracked 
|  81|0x000000070f700000, 0x000000070f700000, 0x000000070f800000|  0%| F|  |TAMS 0x000000070f700000, 0x000000070f700000| Untracked 
|  82|0x000000070f800000, 0x000000070f800000, 0x000000070f900000|  0%| F|  |TAMS 0x000000070f800000, 0x000000070f800000| Untracked 
|  83|0x000000070f900000, 0x000000070f900000, 0x000000070fa00000|  0%| F|  |TAMS 0x000000070f900000, 0x000000070f900000| Untracked 
|  84|0x000000070fa00000, 0x000000070fa00000, 0x000000070fb00000|  0%| F|  |TAMS 0x000000070fa00000, 0x000000070fa00000| Untracked 
|  85|0x000000070fb00000, 0x000000070fb00000, 0x000000070fc00000|  0%| F|  |TAMS 0x000000070fb00000, 0x000000070fb00000| Untracked 
|  86|0x000000070fc00000, 0x000000070fc00000, 0x000000070fd00000|  0%| F|  |TAMS 0x000000070fc00000, 0x000000070fc00000| Untracked 
|  87|0x000000070fd00000, 0x000000070fd00000, 0x000000070fe00000|  0%| F|  |TAMS 0x000000070fd00000, 0x000000070fd00000| Untracked 
|  88|0x000000070fe00000, 0x000000070fe00000, 0x000000070ff00000|  0%| F|  |TAMS 0x000000070fe00000, 0x000000070fe00000| Untracked 
|  89|0x000000070ff00000, 0x000000070ff00000, 0x0000000710000000|  0%| F|  |TAMS 0x000000070ff00000, 0x000000070ff00000| Untracked 
|  90|0x0000000710000000, 0x0000000710000000, 0x0000000710100000|  0%| F|  |TAMS 0x0000000710000000, 0x0000000710000000| Untracked 
|  91|0x0000000710100000, 0x0000000710100000, 0x0000000710200000|  0%| F|  |TAMS 0x0000000710100000, 0x0000000710100000| Untracked 
|  92|0x0000000710200000, 0x0000000710200000, 0x0000000710300000|  0%| F|  |TAMS 0x0000000710200000, 0x0000000710200000| Untracked 
|  93|0x0000000710300000, 0x0000000710300000, 0x0000000710400000|  0%| F|  |TAMS 0x0000000710300000, 0x0000000710300000| Untracked 
|  94|0x0000000710400000, 0x0000000710416300, 0x0000000710500000|  8%| S|CS|TAMS 0x0000000710400000, 0x0000000710400000| Complete 
|  95|0x0000000710500000, 0x0000000710600000, 0x0000000710600000|100%| S|CS|TAMS 0x0000000710500000, 0x0000000710500000| Complete 
|  96|0x0000000710600000, 0x0000000710700000, 0x0000000710700000|100%| S|CS|TAMS 0x0000000710600000, 0x0000000710600000| Complete 
|  97|0x0000000710700000, 0x0000000710800000, 0x0000000710800000|100%| S|CS|TAMS 0x0000000710700000, 0x0000000710700000| Complete 
|  98|0x0000000710800000, 0x0000000710900000, 0x0000000710900000|100%| S|CS|TAMS 0x0000000710800000, 0x0000000710800000| Complete 
|  99|0x0000000710900000, 0x0000000710900000, 0x0000000710a00000|  0%| F|  |TAMS 0x0000000710900000, 0x0000000710900000| Untracked 
| 100|0x0000000710a00000, 0x0000000710a00000, 0x0000000710b00000|  0%| F|  |TAMS 0x0000000710a00000, 0x0000000710a00000| Untracked 
| 101|0x0000000710b00000, 0x0000000710b00000, 0x0000000710c00000|  0%| F|  |TAMS 0x0000000710b00000, 0x0000000710b00000| Untracked 
| 102|0x0000000710c00000, 0x0000000710c00000, 0x0000000710d00000|  0%| F|  |TAMS 0x0000000710c00000, 0x0000000710c00000| Untracked 
| 103|0x0000000710d00000, 0x0000000710d00000, 0x0000000710e00000|  0%| F|  |TAMS 0x0000000710d00000, 0x0000000710d00000| Untracked 
| 104|0x0000000710e00000, 0x0000000710e00000, 0x0000000710f00000|  0%| F|  |TAMS 0x0000000710e00000, 0x0000000710e00000| Untracked 
| 105|0x0000000710f00000, 0x0000000710f00000, 0x0000000711000000|  0%| F|  |TAMS 0x0000000710f00000, 0x0000000710f00000| Untracked 
| 106|0x0000000711000000, 0x0000000711000000, 0x0000000711100000|  0%| F|  |TAMS 0x0000000711000000, 0x0000000711000000| Untracked 
| 107|0x0000000711100000, 0x0000000711100000, 0x0000000711200000|  0%| F|  |TAMS 0x0000000711100000, 0x0000000711100000| Untracked 
| 108|0x0000000711200000, 0x0000000711200000, 0x0000000711300000|  0%| F|  |TAMS 0x0000000711200000, 0x0000000711200000| Untracked 
| 109|0x0000000711300000, 0x0000000711300000, 0x0000000711400000|  0%| F|  |TAMS 0x0000000711300000, 0x0000000711300000| Untracked 
| 110|0x0000000711400000, 0x0000000711400000, 0x0000000711500000|  0%| F|  |TAMS 0x0000000711400000, 0x0000000711400000| Untracked 
| 111|0x0000000711500000, 0x0000000711500000, 0x0000000711600000|  0%| F|  |TAMS 0x0000000711500000, 0x0000000711500000| Untracked 
| 112|0x0000000711600000, 0x0000000711600000, 0x0000000711700000|  0%| F|  |TAMS 0x0000000711600000, 0x0000000711600000| Untracked 
| 113|0x0000000711700000, 0x0000000711700000, 0x0000000711800000|  0%| F|  |TAMS 0x0000000711700000, 0x0000000711700000| Untracked 
| 114|0x0000000711800000, 0x0000000711800000, 0x0000000711900000|  0%| F|  |TAMS 0x0000000711800000, 0x0000000711800000| Untracked 
| 115|0x0000000711900000, 0x0000000711900000, 0x0000000711a00000|  0%| F|  |TAMS 0x0000000711900000, 0x0000000711900000| Untracked 
| 116|0x0000000711a00000, 0x0000000711a00000, 0x0000000711b00000|  0%| F|  |TAMS 0x0000000711a00000, 0x0000000711a00000| Untracked 
| 117|0x0000000711b00000, 0x0000000711b00000, 0x0000000711c00000|  0%| F|  |TAMS 0x0000000711b00000, 0x0000000711b00000| Untracked 
| 118|0x0000000711c00000, 0x0000000711c00000, 0x0000000711d00000|  0%| F|  |TAMS 0x0000000711c00000, 0x0000000711c00000| Untracked 
| 119|0x0000000711d00000, 0x0000000711d00000, 0x0000000711e00000|  0%| F|  |TAMS 0x0000000711d00000, 0x0000000711d00000| Untracked 
| 120|0x0000000711e00000, 0x0000000711e00000, 0x0000000711f00000|  0%| F|  |TAMS 0x0000000711e00000, 0x0000000711e00000| Untracked 
| 121|0x0000000711f00000, 0x0000000711f00000, 0x0000000712000000|  0%| F|  |TAMS 0x0000000711f00000, 0x0000000711f00000| Untracked 
| 122|0x0000000712000000, 0x0000000712000000, 0x0000000712100000|  0%| F|  |TAMS 0x0000000712000000, 0x0000000712000000| Untracked 
| 123|0x0000000712100000, 0x0000000712100000, 0x0000000712200000|  0%| F|  |TAMS 0x0000000712100000, 0x0000000712100000| Untracked 
| 124|0x0000000712200000, 0x0000000712200000, 0x0000000712300000|  0%| F|  |TAMS 0x0000000712200000, 0x0000000712200000| Untracked 
| 125|0x0000000712300000, 0x0000000712300000, 0x0000000712400000|  0%| F|  |TAMS 0x0000000712300000, 0x0000000712300000| Untracked 
| 126|0x0000000712400000, 0x0000000712400000, 0x0000000712500000|  0%| F|  |TAMS 0x0000000712400000, 0x0000000712400000| Untracked 
| 127|0x0000000712500000, 0x0000000712500000, 0x0000000712600000|  0%| F|  |TAMS 0x0000000712500000, 0x0000000712500000| Untracked 
| 128|0x0000000712600000, 0x0000000712600000, 0x0000000712700000|  0%| F|  |TAMS 0x0000000712600000, 0x0000000712600000| Untracked 
| 129|0x0000000712700000, 0x0000000712700000, 0x0000000712800000|  0%| F|  |TAMS 0x0000000712700000, 0x0000000712700000| Untracked 
| 130|0x0000000712800000, 0x0000000712800000, 0x0000000712900000|  0%| F|  |TAMS 0x0000000712800000, 0x0000000712800000| Untracked 
| 131|0x0000000712900000, 0x0000000712900000, 0x0000000712a00000|  0%| F|  |TAMS 0x0000000712900000, 0x0000000712900000| Untracked 
| 132|0x0000000712a00000, 0x0000000712a00000, 0x0000000712b00000|  0%| F|  |TAMS 0x0000000712a00000, 0x0000000712a00000| Untracked 
| 133|0x0000000712b00000, 0x0000000712b00000, 0x0000000712c00000|  0%| F|  |TAMS 0x0000000712b00000, 0x0000000712b00000| Untracked 
| 134|0x0000000712c00000, 0x0000000712c00000, 0x0000000712d00000|  0%| F|  |TAMS 0x0000000712c00000, 0x0000000712c00000| Untracked 
| 135|0x0000000712d00000, 0x0000000712d00000, 0x0000000712e00000|  0%| F|  |TAMS 0x0000000712d00000, 0x0000000712d00000| Untracked 
| 136|0x0000000712e00000, 0x0000000712e00000, 0x0000000712f00000|  0%| F|  |TAMS 0x0000000712e00000, 0x0000000712e00000| Untracked 
| 137|0x0000000712f00000, 0x0000000712f00000, 0x0000000713000000|  0%| F|  |TAMS 0x0000000712f00000, 0x0000000712f00000| Untracked 
| 138|0x0000000713000000, 0x0000000713000000, 0x0000000713100000|  0%| F|  |TAMS 0x0000000713000000, 0x0000000713000000| Untracked 
| 139|0x0000000713100000, 0x0000000713100000, 0x0000000713200000|  0%| F|  |TAMS 0x0000000713100000, 0x0000000713100000| Untracked 
| 140|0x0000000713200000, 0x0000000713200000, 0x0000000713300000|  0%| F|  |TAMS 0x0000000713200000, 0x0000000713200000| Untracked 
| 141|0x0000000713300000, 0x0000000713300000, 0x0000000713400000|  0%| F|  |TAMS 0x0000000713300000, 0x0000000713300000| Untracked 
| 142|0x0000000713400000, 0x0000000713400000, 0x0000000713500000|  0%| F|  |TAMS 0x0000000713400000, 0x0000000713400000| Untracked 
| 143|0x0000000713500000, 0x0000000713500000, 0x0000000713600000|  0%| F|  |TAMS 0x0000000713500000, 0x0000000713500000| Untracked 
| 144|0x0000000713600000, 0x0000000713600000, 0x0000000713700000|  0%| F|  |TAMS 0x0000000713600000, 0x0000000713600000| Untracked 
| 145|0x0000000713700000, 0x0000000713700000, 0x0000000713800000|  0%| F|  |TAMS 0x0000000713700000, 0x0000000713700000| Untracked 
| 146|0x0000000713800000, 0x0000000713800000, 0x0000000713900000|  0%| F|  |TAMS 0x0000000713800000, 0x0000000713800000| Untracked 
| 147|0x0000000713900000, 0x0000000713900000, 0x0000000713a00000|  0%| F|  |TAMS 0x0000000713900000, 0x0000000713900000| Untracked 
| 148|0x0000000713a00000, 0x0000000713a00000, 0x0000000713b00000|  0%| F|  |TAMS 0x0000000713a00000, 0x0000000713a00000| Untracked 
| 149|0x0000000713b00000, 0x0000000713b00000, 0x0000000713c00000|  0%| F|  |TAMS 0x0000000713b00000, 0x0000000713b00000| Untracked 
| 150|0x0000000713c00000, 0x0000000713c00000, 0x0000000713d00000|  0%| F|  |TAMS 0x0000000713c00000, 0x0000000713c00000| Untracked 
| 151|0x0000000713d00000, 0x0000000713d00000, 0x0000000713e00000|  0%| F|  |TAMS 0x0000000713d00000, 0x0000000713d00000| Untracked 
| 152|0x0000000713e00000, 0x0000000713e00000, 0x0000000713f00000|  0%| F|  |TAMS 0x0000000713e00000, 0x0000000713e00000| Untracked 
| 153|0x0000000713f00000, 0x0000000713f00000, 0x0000000714000000|  0%| F|  |TAMS 0x0000000713f00000, 0x0000000713f00000| Untracked 
| 154|0x0000000714000000, 0x0000000714000000, 0x0000000714100000|  0%| F|  |TAMS 0x0000000714000000, 0x0000000714000000| Untracked 
| 155|0x0000000714100000, 0x0000000714100000, 0x0000000714200000|  0%| F|  |TAMS 0x0000000714100000, 0x0000000714100000| Untracked 
| 156|0x0000000714200000, 0x0000000714200000, 0x0000000714300000|  0%| F|  |TAMS 0x0000000714200000, 0x0000000714200000| Untracked 
| 157|0x0000000714300000, 0x0000000714300000, 0x0000000714400000|  0%| F|  |TAMS 0x0000000714300000, 0x0000000714300000| Untracked 
| 158|0x0000000714400000, 0x0000000714400000, 0x0000000714500000|  0%| F|  |TAMS 0x0000000714400000, 0x0000000714400000| Untracked 
| 159|0x0000000714500000, 0x0000000714500000, 0x0000000714600000|  0%| F|  |TAMS 0x0000000714500000, 0x0000000714500000| Untracked 
| 160|0x0000000714600000, 0x0000000714600000, 0x0000000714700000|  0%| F|  |TAMS 0x0000000714600000, 0x0000000714600000| Untracked 
| 161|0x0000000714700000, 0x0000000714700000, 0x0000000714800000|  0%| F|  |TAMS 0x0000000714700000, 0x0000000714700000| Untracked 
| 162|0x0000000714800000, 0x0000000714800000, 0x0000000714900000|  0%| F|  |TAMS 0x0000000714800000, 0x0000000714800000| Untracked 
| 163|0x0000000714900000, 0x0000000714900000, 0x0000000714a00000|  0%| F|  |TAMS 0x0000000714900000, 0x0000000714900000| Untracked 
| 164|0x0000000714a00000, 0x0000000714a00000, 0x0000000714b00000|  0%| F|  |TAMS 0x0000000714a00000, 0x0000000714a00000| Untracked 
| 165|0x0000000714b00000, 0x0000000714b00000, 0x0000000714c00000|  0%| F|  |TAMS 0x0000000714b00000, 0x0000000714b00000| Untracked 
| 166|0x0000000714c00000, 0x0000000714c00000, 0x0000000714d00000|  0%| F|  |TAMS 0x0000000714c00000, 0x0000000714c00000| Untracked 
| 167|0x0000000714d00000, 0x0000000714d00000, 0x0000000714e00000|  0%| F|  |TAMS 0x0000000714d00000, 0x0000000714d00000| Untracked 
| 168|0x0000000714e00000, 0x0000000714e00000, 0x0000000714f00000|  0%| F|  |TAMS 0x0000000714e00000, 0x0000000714e00000| Untracked 
| 169|0x0000000714f00000, 0x0000000714f00000, 0x0000000715000000|  0%| F|  |TAMS 0x0000000714f00000, 0x0000000714f00000| Untracked 
| 170|0x0000000715000000, 0x0000000715000000, 0x0000000715100000|  0%| F|  |TAMS 0x0000000715000000, 0x0000000715000000| Untracked 
| 171|0x0000000715100000, 0x0000000715100000, 0x0000000715200000|  0%| F|  |TAMS 0x0000000715100000, 0x0000000715100000| Untracked 
| 172|0x0000000715200000, 0x0000000715200000, 0x0000000715300000|  0%| F|  |TAMS 0x0000000715200000, 0x0000000715200000| Untracked 
| 173|0x0000000715300000, 0x0000000715300000, 0x0000000715400000|  0%| F|  |TAMS 0x0000000715300000, 0x0000000715300000| Untracked 
| 174|0x0000000715400000, 0x0000000715400000, 0x0000000715500000|  0%| F|  |TAMS 0x0000000715400000, 0x0000000715400000| Untracked 
| 175|0x0000000715500000, 0x0000000715500000, 0x0000000715600000|  0%| F|  |TAMS 0x0000000715500000, 0x0000000715500000| Untracked 
| 176|0x0000000715600000, 0x0000000715600000, 0x0000000715700000|  0%| F|  |TAMS 0x0000000715600000, 0x0000000715600000| Untracked 
| 177|0x0000000715700000, 0x0000000715700000, 0x0000000715800000|  0%| F|  |TAMS 0x0000000715700000, 0x0000000715700000| Untracked 
| 178|0x0000000715800000, 0x0000000715800000, 0x0000000715900000|  0%| F|  |TAMS 0x0000000715800000, 0x0000000715800000| Untracked 
| 179|0x0000000715900000, 0x0000000715900000, 0x0000000715a00000|  0%| F|  |TAMS 0x0000000715900000, 0x0000000715900000| Untracked 
| 180|0x0000000715a00000, 0x0000000715a00000, 0x0000000715b00000|  0%| F|  |TAMS 0x0000000715a00000, 0x0000000715a00000| Untracked 
| 181|0x0000000715b00000, 0x0000000715b00000, 0x0000000715c00000|  0%| F|  |TAMS 0x0000000715b00000, 0x0000000715b00000| Untracked 
| 182|0x0000000715c00000, 0x0000000715c00000, 0x0000000715d00000|  0%| F|  |TAMS 0x0000000715c00000, 0x0000000715c00000| Untracked 
| 183|0x0000000715d00000, 0x0000000715d00000, 0x0000000715e00000|  0%| F|  |TAMS 0x0000000715d00000, 0x0000000715d00000| Untracked 
| 184|0x0000000715e00000, 0x0000000715e00000, 0x0000000715f00000|  0%| F|  |TAMS 0x0000000715e00000, 0x0000000715e00000| Untracked 
| 185|0x0000000715f00000, 0x0000000715f00000, 0x0000000716000000|  0%| F|  |TAMS 0x0000000715f00000, 0x0000000715f00000| Untracked 
| 186|0x0000000716000000, 0x0000000716000000, 0x0000000716100000|  0%| F|  |TAMS 0x0000000716000000, 0x0000000716000000| Untracked 
| 187|0x0000000716100000, 0x0000000716100000, 0x0000000716200000|  0%| F|  |TAMS 0x0000000716100000, 0x0000000716100000| Untracked 
| 188|0x0000000716200000, 0x0000000716200000, 0x0000000716300000|  0%| F|  |TAMS 0x0000000716200000, 0x0000000716200000| Untracked 
| 189|0x0000000716300000, 0x0000000716300000, 0x0000000716400000|  0%| F|  |TAMS 0x0000000716300000, 0x0000000716300000| Untracked 
| 190|0x0000000716400000, 0x0000000716400000, 0x0000000716500000|  0%| F|  |TAMS 0x0000000716400000, 0x0000000716400000| Untracked 
| 191|0x0000000716500000, 0x0000000716500000, 0x0000000716600000|  0%| F|  |TAMS 0x0000000716500000, 0x0000000716500000| Untracked 
| 192|0x0000000716600000, 0x0000000716600000, 0x0000000716700000|  0%| F|  |TAMS 0x0000000716600000, 0x0000000716600000| Untracked 
| 193|0x0000000716700000, 0x0000000716700000, 0x0000000716800000|  0%| F|  |TAMS 0x0000000716700000, 0x0000000716700000| Untracked 
| 194|0x0000000716800000, 0x0000000716800000, 0x0000000716900000|  0%| F|  |TAMS 0x0000000716800000, 0x0000000716800000| Untracked 
| 195|0x0000000716900000, 0x0000000716900000, 0x0000000716a00000|  0%| F|  |TAMS 0x0000000716900000, 0x0000000716900000| Untracked 
| 196|0x0000000716a00000, 0x0000000716a00000, 0x0000000716b00000|  0%| F|  |TAMS 0x0000000716a00000, 0x0000000716a00000| Untracked 
| 197|0x0000000716b00000, 0x0000000716b00000, 0x0000000716c00000|  0%| F|  |TAMS 0x0000000716b00000, 0x0000000716b00000| Untracked 
| 198|0x0000000716c00000, 0x0000000716c00000, 0x0000000716d00000|  0%| F|  |TAMS 0x0000000716c00000, 0x0000000716c00000| Untracked 
| 199|0x0000000716d00000, 0x0000000716d00000, 0x0000000716e00000|  0%| F|  |TAMS 0x0000000716d00000, 0x0000000716d00000| Untracked 
| 200|0x0000000716e00000, 0x0000000716e00000, 0x0000000716f00000|  0%| F|  |TAMS 0x0000000716e00000, 0x0000000716e00000| Untracked 
| 201|0x0000000716f00000, 0x0000000716f00000, 0x0000000717000000|  0%| F|  |TAMS 0x0000000716f00000, 0x0000000716f00000| Untracked 
| 202|0x0000000717000000, 0x0000000717000000, 0x0000000717100000|  0%| F|  |TAMS 0x0000000717000000, 0x0000000717000000| Untracked 
| 203|0x0000000717100000, 0x0000000717100000, 0x0000000717200000|  0%| F|  |TAMS 0x0000000717100000, 0x0000000717100000| Untracked 
| 204|0x0000000717200000, 0x0000000717200000, 0x0000000717300000|  0%| F|  |TAMS 0x0000000717200000, 0x0000000717200000| Untracked 
| 205|0x0000000717300000, 0x0000000717300000, 0x0000000717400000|  0%| F|  |TAMS 0x0000000717300000, 0x0000000717300000| Untracked 
| 206|0x0000000717400000, 0x0000000717400000, 0x0000000717500000|  0%| F|  |TAMS 0x0000000717400000, 0x0000000717400000| Untracked 
| 207|0x0000000717500000, 0x0000000717500000, 0x0000000717600000|  0%| F|  |TAMS 0x0000000717500000, 0x0000000717500000| Untracked 
| 208|0x0000000717600000, 0x0000000717600000, 0x0000000717700000|  0%| F|  |TAMS 0x0000000717600000, 0x0000000717600000| Untracked 
| 209|0x0000000717700000, 0x0000000717700000, 0x0000000717800000|  0%| F|  |TAMS 0x0000000717700000, 0x0000000717700000| Untracked 
| 210|0x0000000717800000, 0x0000000717800000, 0x0000000717900000|  0%| F|  |TAMS 0x0000000717800000, 0x0000000717800000| Untracked 
| 211|0x0000000717900000, 0x0000000717900000, 0x0000000717a00000|  0%| F|  |TAMS 0x0000000717900000, 0x0000000717900000| Untracked 
| 212|0x0000000717a00000, 0x0000000717a00000, 0x0000000717b00000|  0%| F|  |TAMS 0x0000000717a00000, 0x0000000717a00000| Untracked 
| 213|0x0000000717b00000, 0x0000000717b00000, 0x0000000717c00000|  0%| F|  |TAMS 0x0000000717b00000, 0x0000000717b00000| Untracked 
| 214|0x0000000717c00000, 0x0000000717c00000, 0x0000000717d00000|  0%| F|  |TAMS 0x0000000717c00000, 0x0000000717c00000| Untracked 
| 215|0x0000000717d00000, 0x0000000717d00000, 0x0000000717e00000|  0%| F|  |TAMS 0x0000000717d00000, 0x0000000717d00000| Untracked 
| 216|0x0000000717e00000, 0x0000000717e00000, 0x0000000717f00000|  0%| F|  |TAMS 0x0000000717e00000, 0x0000000717e00000| Untracked 
| 217|0x0000000717f00000, 0x0000000717f00000, 0x0000000718000000|  0%| F|  |TAMS 0x0000000717f00000, 0x0000000717f00000| Untracked 
| 218|0x0000000718000000, 0x0000000718000000, 0x0000000718100000|  0%| F|  |TAMS 0x0000000718000000, 0x0000000718000000| Untracked 
| 219|0x0000000718100000, 0x0000000718100000, 0x0000000718200000|  0%| F|  |TAMS 0x0000000718100000, 0x0000000718100000| Untracked 
| 220|0x0000000718200000, 0x0000000718200000, 0x0000000718300000|  0%| F|  |TAMS 0x0000000718200000, 0x0000000718200000| Untracked 
| 221|0x0000000718300000, 0x0000000718300000, 0x0000000718400000|  0%| F|  |TAMS 0x0000000718300000, 0x0000000718300000| Untracked 
| 222|0x0000000718400000, 0x0000000718400000, 0x0000000718500000|  0%| F|  |TAMS 0x0000000718400000, 0x0000000718400000| Untracked 
| 223|0x0000000718500000, 0x0000000718500000, 0x0000000718600000|  0%| F|  |TAMS 0x0000000718500000, 0x0000000718500000| Untracked 
| 224|0x0000000718600000, 0x0000000718600000, 0x0000000718700000|  0%| F|  |TAMS 0x0000000718600000, 0x0000000718600000| Untracked 
| 225|0x0000000718700000, 0x0000000718700000, 0x0000000718800000|  0%| F|  |TAMS 0x0000000718700000, 0x0000000718700000| Untracked 
| 226|0x0000000718800000, 0x0000000718800000, 0x0000000718900000|  0%| F|  |TAMS 0x0000000718800000, 0x0000000718800000| Untracked 
| 227|0x0000000718900000, 0x0000000718900000, 0x0000000718a00000|  0%| F|  |TAMS 0x0000000718900000, 0x0000000718900000| Untracked 
| 228|0x0000000718a00000, 0x0000000718a00000, 0x0000000718b00000|  0%| F|  |TAMS 0x0000000718a00000, 0x0000000718a00000| Untracked 
| 229|0x0000000718b00000, 0x0000000718b00000, 0x0000000718c00000|  0%| F|  |TAMS 0x0000000718b00000, 0x0000000718b00000| Untracked 
| 230|0x0000000718c00000, 0x0000000718c00000, 0x0000000718d00000|  0%| F|  |TAMS 0x0000000718c00000, 0x0000000718c00000| Untracked 
| 231|0x0000000718d00000, 0x0000000718d00000, 0x0000000718e00000|  0%| F|  |TAMS 0x0000000718d00000, 0x0000000718d00000| Untracked 
| 232|0x0000000718e00000, 0x0000000718e00000, 0x0000000718f00000|  0%| F|  |TAMS 0x0000000718e00000, 0x0000000718e00000| Untracked 
| 233|0x0000000718f00000, 0x0000000718f00000, 0x0000000719000000|  0%| F|  |TAMS 0x0000000718f00000, 0x0000000718f00000| Untracked 
| 234|0x0000000719000000, 0x0000000719000000, 0x0000000719100000|  0%| F|  |TAMS 0x0000000719000000, 0x0000000719000000| Untracked 
| 235|0x0000000719100000, 0x0000000719100000, 0x0000000719200000|  0%| F|  |TAMS 0x0000000719100000, 0x0000000719100000| Untracked 
| 236|0x0000000719200000, 0x0000000719200000, 0x0000000719300000|  0%| F|  |TAMS 0x0000000719200000, 0x0000000719200000| Untracked 
| 237|0x0000000719300000, 0x0000000719300000, 0x0000000719400000|  0%| F|  |TAMS 0x0000000719300000, 0x0000000719300000| Untracked 
| 238|0x0000000719400000, 0x0000000719400000, 0x0000000719500000|  0%| F|  |TAMS 0x0000000719400000, 0x0000000719400000| Untracked 
| 239|0x0000000719500000, 0x0000000719500000, 0x0000000719600000|  0%| F|  |TAMS 0x0000000719500000, 0x0000000719500000| Untracked 
| 240|0x0000000719600000, 0x0000000719600000, 0x0000000719700000|  0%| F|  |TAMS 0x0000000719600000, 0x0000000719600000| Untracked 
| 241|0x0000000719700000, 0x0000000719700000, 0x0000000719800000|  0%| F|  |TAMS 0x0000000719700000, 0x0000000719700000| Untracked 
| 242|0x0000000719800000, 0x0000000719800000, 0x0000000719900000|  0%| F|  |TAMS 0x0000000719800000, 0x0000000719800000| Untracked 
| 243|0x0000000719900000, 0x0000000719900000, 0x0000000719a00000|  0%| F|  |TAMS 0x0000000719900000, 0x0000000719900000| Untracked 
| 244|0x0000000719a00000, 0x0000000719a00000, 0x0000000719b00000|  0%| F|  |TAMS 0x0000000719a00000, 0x0000000719a00000| Untracked 
| 245|0x0000000719b00000, 0x0000000719c00000, 0x0000000719c00000|100%| E|  |TAMS 0x0000000719b00000, 0x0000000719b00000| Complete 
|2904|0x00000007bfe00000, 0x00000007bfe47000, 0x00000007bff00000| 27%|OA|  |TAMS 0x00000007bfe00000, 0x00000007bfe00000| Untracked 
|2905|0x00000007bff00000, 0x00000007bff6a000, 0x00000007c0000000| 41%|CA|  |TAMS 0x00000007bff00000, 0x00000007bff00000| Untracked 

Card table byte_map: [0x00007f116eb77000,0x00007f116f324000] _byte_map_base: 0x00007f116b324000

Marking Bits (Prev, Next): (CMBitMap*) 0x00007f118807c6e8, (CMBitMap*) 0x00007f118807c720
 Prev Bits: [0x00007f1164298000, 0x00007f1168000000)
 Next Bits: [0x00007f1160530000, 0x00007f1164298000)

Polling page: 0x00007f118f9ed000

Metaspace:

Usage:
  Non-class:      8,01 MB capacity,     6,29 MB ( 78%) used,     1,71 MB ( 21%) free+waste,    14,06 KB ( <1%) overhead. 
      Class:    864,00 KB capacity,   619,02 KB ( 72%) used,   238,60 KB ( 28%) free+waste,     6,38 KB ( <1%) overhead. 
       Both:      8,86 MB capacity,     6,89 MB ( 78%) used,     1,95 MB ( 22%) free+waste,    20,44 KB ( <1%) overhead. 

Virtual space:
  Non-class space:       10,00 MB reserved,       8,25 MB ( 82%) committed 
      Class space:        1,00 GB reserved,     896,00 KB ( <1%) committed 
             Both:        1,01 GB reserved,       9,12 MB ( <1%) committed 

Chunk freelists:
   Non-Class:  79,00 KB
       Class:  0 bytes
        Both:  79,00 KB

MaxMetaspaceSize: unlimited
CompressedClassSpaceSize: 1,00 GB

CodeHeap 'non-profiled nmethods': size=120032Kb used=877Kb max_used=877Kb free=119154Kb
 bounds [0x00007f1177b8a000, 0x00007f1177dfa000, 0x00007f117f0c2000]
CodeHeap 'profiled nmethods': size=120032Kb used=4502Kb max_used=4502Kb free=115530Kb
 bounds [0x00007f1170652000, 0x00007f1170ac2000, 0x00007f1177b8a000]
CodeHeap 'non-nmethods': size=5696Kb used=1095Kb max_used=1135Kb free=4600Kb
 bounds [0x00007f11700c2000, 0x00007f1170332000, 0x00007f1170652000]
 total_blobs=2342 nmethods=1922 adapters=333
 compilation: enabled
              stopped_count=0, restarted_count=0
 full_count=0

Compilation events (20 events):
Event: 445,880 Thread 0x00007f118822e000 1893       3       com.fasterxml.jackson.databind.DeserializationContext::findContextualValueDeserializer (28 bytes)
Event: 445,880 Thread 0x00007f118822e000 nmethod 1893 0x00007f1170ab0490 code [0x00007f1170ab0660, 0x00007f1170ab08f0]
Event: 445,880 Thread 0x00007f118822e000 1894       3       com.fasterxml.jackson.databind.introspect.JacksonAnnotationIntrospector::findValueInstantiator (27 bytes)
Event: 445,881 Thread 0x00007f118822e000 nmethod 1894 0x00007f1170ab0a10 code [0x00007f1170ab0c00, 0x00007f1170ab1190]
Event: 445,881 Thread 0x00007f118822e000 1895       3       com.fasterxml.jackson.databind.deser.impl.CreatorCollector::<init> (48 bytes)
Event: 445,881 Thread 0x00007f118822e000 nmethod 1895 0x00007f1170ab1310 code [0x00007f1170ab1500, 0x00007f1170ab1a50]
Event: 445,881 Thread 0x00007f118822e000 1897       3       com.fasterxml.jackson.databind.introspect.JacksonAnnotationIntrospector::findNamingStrategy (26 bytes)
Event: 445,881 Thread 0x00007f118822e000 nmethod 1897 0x00007f1170ab1c90 code [0x00007f1170ab1e80, 0x00007f1170ab2410]
Event: 445,881 Thread 0x00007f118822e000 1898       3       com.fasterxml.jackson.databind.introspect.JacksonAnnotationIntrospector::findSerializationSortAlphabetically (6 bytes)
Event: 445,881 Thread 0x00007f118822e000 nmethod 1898 0x00007f1170ab2590 code [0x00007f1170ab2780, 0x00007f1170ab2d30]
Event: 445,881 Thread 0x00007f118822e000 1899       3       com.fasterxml.jackson.databind.introspect.JacksonAnnotationIntrospector::_findSortAlpha (30 bytes)
Event: 445,881 Thread 0x00007f118822e000 nmethod 1899 0x00007f1170ab2e90 code [0x00007f1170ab3080, 0x00007f1170ab35d0]
Event: 448,563 Thread 0x00007f118822e000 1916       3       com.fasterxml.jackson.core.json.ReaderBasedJsonParser::_parseNumber2 (661 bytes)
Event: 448,565 Thread 0x00007f118822e000 nmethod 1916 0x00007f1170ab3710 code [0x00007f1170ab3b00, 0x00007f1170ab5730]
Event: 448,565 Thread 0x00007f118822e000 1917       3       com.fasterxml.jackson.core.util.TextBuffer::resetWithEmpty (42 bytes)
Event: 448,566 Thread 0x00007f118822e000 nmethod 1917 0x00007f1170ab6310 code [0x00007f1170ab64e0, 0x00007f1170ab6780]
Event: 454,806 Thread 0x00007f118822c000 1918       4       com.fasterxml.jackson.databind.introspect.JacksonAnnotationIntrospector::findImplicitPropertyName (19 bytes)
Event: 454,806 Thread 0x00007f118822c000 nmethod 1918 0x00007f1177c64b90 code [0x00007f1177c64d20, 0x00007f1177c64db8]
Event: 454,806 Thread 0x00007f118822c000 1919       4       com.fasterxml.jackson.databind.introspect.JacksonAnnotationIntrospector::_findConstructorName (46 bytes)
Event: 454,807 Thread 0x00007f118822c000 nmethod 1919 0x00007f1177c64e90 code [0x00007f1177c65020, 0x00007f1177c650b8]

GC Heap History (4 events):
Event: 0,259 GC heap before
{Heap before GC invocations=0 (full 0):
 garbage-first heap   total 253952K, used 15044K [0x000000070a600000, 0x0000000800000000)
  region size 1024K, 14 young (14336K), 0 survivors (0K)
 Metaspace       used 1171K, capacity 4633K, committed 4864K, reserved 1056768K
  class space    used 108K, capacity 413K, committed 512K, reserved 1048576K
}
Event: 0,280 GC heap after
{Heap after GC invocations=1 (full 0):
 garbage-first heap   total 253952K, used 4357K [0x000000070a600000, 0x0000000800000000)
  region size 1024K, 2 young (2048K), 2 survivors (2048K)
 Metaspace       used 1171K, capacity 4633K, committed 4864K, reserved 1056768K
  class space    used 108K, capacity 413K, committed 512K, reserved 1048576K
}
Event: 459,744 GC heap before
{Heap before GC invocations=1 (full 0):
 garbage-first heap   total 253952K, used 151813K [0x000000070a600000, 0x0000000800000000)
  region size 1024K, 147 young (150528K), 2 survivors (2048K)
 Metaspace       used 7053K, capacity 9069K, committed 9344K, reserved 1058816K
  class space    used 619K, capacity 864K, committed 896K, reserved 1048576K
}
Event: 459,749 GC heap after
{Heap after GC invocations=2 (full 0):
 garbage-first heap   total 253952K, used 6493K [0x000000070a600000, 0x0000000800000000)
  region size 1024K, 5 young (5120K), 5 survivors (5120K)
 Metaspace       used 7053K, capacity 9069K, committed 9344K, reserved 1058816K
  class space    used 619K, capacity 864K, committed 896K, reserved 1048576K
}

Deoptimization events (20 events):
Event: 1,419 Thread 0x00007f1188018000 DEOPT PACKING pc=0x00007f1177bec40c sp=0x00007f118f9cbfe0
Event: 1,419 Thread 0x00007f1188018000 DEOPT UNPACKING pc=0x00007f11700e88a5 sp=0x00007f118f9cbf68 mode 2
Event: 1,428 Thread 0x00007f1188018000 DEOPT PACKING pc=0x00007f1170748134 sp=0x00007f118f9cb0b0
Event: 1,428 Thread 0x00007f1188018000 DEOPT UNPACKING pc=0x00007f11700e86ba sp=0x00007f118f9ca5e8 mode 0
Event: 1,451 Thread 0x00007f1188018000 DEOPT PACKING pc=0x00007f11707036a8 sp=0x00007f118f9c8d70
Event: 1,451 Thread 0x00007f1188018000 DEOPT UNPACKING pc=0x00007f11700e86ba sp=0x00007f118f9c82a8 mode 0
Event: 2,876 Thread 0x00007f1188018000 DEOPT PACKING pc=0x00007f11706dfd4f sp=0x00007f118f9cc180
Event: 2,876 Thread 0x00007f1188018000 DEOPT UNPACKING pc=0x00007f11700e86ba sp=0x00007f118f9cb640 mode 0
Event: 2,877 Thread 0x00007f1188018000 DEOPT PACKING pc=0x00007f11706dce49 sp=0x00007f118f9cc7d0
Event: 2,877 Thread 0x00007f1188018000 DEOPT UNPACKING pc=0x00007f11700e86ba sp=0x00007f118f9cbdf8 mode 0
Event: 49,688 Thread 0x00007f1188018000 Uncommon trap: trap_request=0xffffffad fr.pc=0x00007f1177c006fc relative=0x00000000000046fc
Event: 49,688 Thread 0x00007f1188018000 Uncommon trap: reason=uninitialized action=reinterpret pc=0x00007f1177c006fc method=l2m.LidMain.main([Ljava/lang/String;)V @ 338 c2
Event: 49,688 Thread 0x00007f1188018000 DEOPT PACKING pc=0x00007f1177c006fc sp=0x00007f118f9cc890
Event: 49,688 Thread 0x00007f1188018000 DEOPT UNPACKING pc=0x00007f11700e88a5 sp=0x00007f118f9cc8f0 mode 2
Event: 50,935 Thread 0x00007f1188018000 DEOPT PACKING pc=0x00007f1170891ae4 sp=0x00007f118f9cc5c0
Event: 50,935 Thread 0x00007f1188018000 DEOPT UNPACKING pc=0x00007f11700e86ba sp=0x00007f118f9cbdf8 mode 0
Event: 171,548 Thread 0x00007f1188018000 DEOPT PACKING pc=0x00007f11707045c0 sp=0x00007f118f9cc7a0
Event: 171,548 Thread 0x00007f1188018000 DEOPT UNPACKING pc=0x00007f11700e86ba sp=0x00007f118f9cbcd8 mode 0
Event: 424,860 Thread 0x00007f1188018000 DEOPT PACKING pc=0x00007f11708dd0e1 sp=0x00007f118f9cc620
Event: 424,860 Thread 0x00007f1188018000 DEOPT UNPACKING pc=0x00007f11700e86ba sp=0x00007f118f9cbb50 mode 0

Classes redefined (0 events):
No events

Internal exceptions (0 events):
No events

Events (20 events):
Event: 2,213 loading class jdk/internal/reflect/UTF8 done
Event: 2,213 loading class jdk/internal/reflect/Label
Event: 2,213 loading class jdk/internal/reflect/Label done
Event: 2,213 loading class jdk/internal/reflect/Label$PatchInfo
Event: 2,213 loading class jdk/internal/reflect/Label$PatchInfo done
Event: 2,214 loading class jdk/internal/reflect/MethodAccessorGenerator$1
Event: 2,214 loading class jdk/internal/reflect/MethodAccessorGenerator$1 done
Event: 2,214 loading class jdk/internal/reflect/ClassDefiner
Event: 2,214 loading class jdk/internal/reflect/ClassDefiner done
Event: 2,214 loading class jdk/internal/reflect/ClassDefiner$1
Event: 2,214 loading class jdk/internal/reflect/ClassDefiner$1 done
Event: 2,214 loading class jdk/internal/reflect/BootstrapConstructorAccessorImpl
Event: 2,214 loading class jdk/internal/reflect/BootstrapConstructorAccessorImpl done
Event: 49,689 loading class jdk/internal/math/FDBigInteger
Event: 49,689 loading class jdk/internal/math/FDBigInteger done
Event: 65,366 Loaded shared library /usr/lib/jvm/java-11-openjdk-amd64/lib/libnio.so
Event: 76,347 Loaded shared library /usr/lib/jvm/java-11-openjdk-amd64/lib/server/libjvm.so
Event: 359,130 Loaded shared library /usr/lib/jvm/java-11-openjdk-amd64/lib/libnio.so
Event: 459,744 Executing VM operation: G1CollectForAllocation
Event: 459,749 Executing VM operation: G1CollectForAllocation done


Dynamic libraries:
70a600000-719c00000 rw-p 00000000 00:00 0 
719c00000-7bfe00000 ---p 00000000 00:00 0 
7bfe00000-7bfe47000 rw-p 0110e000 08:03 1573090                          /usr/lib/jvm/java-11-openjdk-amd64/lib/server/classes.jsa
7bfe47000-7bff00000 rw-p 00000000 00:00 0 
7bff00000-7bff6a000 rw-p 010a4000 08:03 1573090                          /usr/lib/jvm/java-11-openjdk-amd64/lib/server/classes.jsa
7bff6a000-7c0000000 rw-p 00000000 00:00 0 
7c0000000-800000000 ---p 00000000 00:00 0 
800000000-800002000 rwxp 00001000 08:03 1573090                          /usr/lib/jvm/java-11-openjdk-amd64/lib/server/classes.jsa
800002000-8003b9000 rw-p 00003000 08:03 1573090                          /usr/lib/jvm/java-11-openjdk-amd64/lib/server/classes.jsa
8003b9000-800a95000 r--p 003ba000 08:03 1573090                          /usr/lib/jvm/java-11-openjdk-amd64/lib/server/classes.jsa
800a95000-800a96000 rw-p 00a96000 08:03 1573090                          /usr/lib/jvm/java-11-openjdk-amd64/lib/server/classes.jsa
800a96000-8010a3000 r--p 00a97000 08:03 1573090                          /usr/lib/jvm/java-11-openjdk-amd64/lib/server/classes.jsa
840000000-8400e0000 rw-p 00000000 00:00 0 
8400e0000-880000000 ---p 00000000 00:00 0 
55be7da2f000-55be7da30000 r-xp 00000000 08:03 1581182                    /usr/lib/jvm/java-11-openjdk-amd64/bin/java
55be7dc30000-55be7dc31000 r--p 00001000 08:03 1581182                    /usr/lib/jvm/java-11-openjdk-amd64/bin/java
55be7dc31000-55be7dc32000 rw-p 00002000 08:03 1581182                    /usr/lib/jvm/java-11-openjdk-amd64/bin/java
55be7f730000-55be81769000 rw-p 00000000 00:00 0                          [heap]
7f10f8000000-7f10fbfff000 rw-p 00000000 00:00 0 
7f10fbfff000-7f10fc000000 ---p 00000000 00:00 0 
7f1100000000-7f1100039000 rw-p 00000000 00:00 0 
7f1100039000-7f1104000000 ---p 00000000 00:00 0 
7f1108000000-7f110bfc2000 rw-p 00000000 00:00 0 
7f110bfc2000-7f110c000000 ---p 00000000 00:00 0 
7f110e000000-7f1110000000 rw-p 00000000 00:00 0 
7f1110000000-7f1110021000 rw-p 00000000 00:00 0 
7f1110021000-7f1114000000 ---p 00000000 00:00 0 
7f1114000000-7f1114021000 rw-p 00000000 00:00 0 
7f1114021000-7f1118000000 ---p 00000000 00:00 0 
7f1118000000-7f11191df000 rw-p 00000000 00:00 0 
7f11191df000-7f111c000000 ---p 00000000 00:00 0 
7f111c000000-7f111c021000 rw-p 00000000 00:00 0 
7f111c021000-7f1120000000 ---p 00000000 00:00 0 
7f1120000000-7f1120021000 rw-p 00000000 00:00 0 
7f1120021000-7f1124000000 ---p 00000000 00:00 0 
7f1124000000-7f1124021000 rw-p 00000000 00:00 0 
7f1124021000-7f1128000000 ---p 00000000 00:00 0 
7f1128000000-7f1128021000 rw-p 00000000 00:00 0 
7f1128021000-7f112c000000 ---p 00000000 00:00 0 
7f112c000000-7f112c021000 rw-p 00000000 00:00 0 
7f112c021000-7f1130000000 ---p 00000000 00:00 0 
7f1130000000-7f113053d000 rw-p 00000000 00:00 0 
7f113053d000-7f1134000000 ---p 00000000 00:00 0 
7f1134000000-7f1134021000 rw-p 00000000 00:00 0 
7f1134021000-7f1138000000 ---p 00000000 00:00 0 
7f1138000000-7f1138021000 rw-p 00000000 00:00 0 
7f1138021000-7f113c000000 ---p 00000000 00:00 0 
7f113c000000-7f113de6c000 rw-p 00000000 00:00 0 
7f113de6c000-7f1140000000 ---p 00000000 00:00 0 
7f1140000000-7f1140021000 rw-p 00000000 00:00 0 
7f1140021000-7f1144000000 ---p 00000000 00:00 0 
7f1144000000-7f1144021000 rw-p 00000000 00:00 0 
7f1144021000-7f1148000000 ---p 00000000 00:00 0 
7f1148000000-7f1148021000 rw-p 00000000 00:00 0 
7f1148021000-7f114c000000 ---p 00000000 00:00 0 
7f114c000000-7f114c021000 rw-p 00000000 00:00 0 
7f114c021000-7f1150000000 ---p 00000000 00:00 0 
7f1150acc000-7f1150b0b000 r-xp 00000000 08:03 1577585                    /usr/lib/x86_64-linux-gnu/libquadmath.so.0.0.0
7f1150b0b000-7f1150d0a000 ---p 0003f000 08:03 1577585                    /usr/lib/x86_64-linux-gnu/libquadmath.so.0.0.0
7f1150d0a000-7f1150d0b000 r--p 0003e000 08:03 1577585                    /usr/lib/x86_64-linux-gnu/libquadmath.so.0.0.0
7f1150d0b000-7f1150d0c000 rw-p 0003f000 08:03 1577585                    /usr/lib/x86_64-linux-gnu/libquadmath.so.0.0.0
7f1150d0c000-7f1150ee8000 r-xp 00000000 08:03 1578518                    /usr/lib/x86_64-linux-gnu/libgfortran.so.4.0.0
7f1150ee8000-7f11510e8000 ---p 001dc000 08:03 1578518                    /usr/lib/x86_64-linux-gnu/libgfortran.so.4.0.0
7f11510e8000-7f11510e9000 r--p 001dc000 08:03 1578518                    /usr/lib/x86_64-linux-gnu/libgfortran.so.4.0.0
7f11510e9000-7f11510ea000 rw-p 001dd000 08:03 1578518                    /usr/lib/x86_64-linux-gnu/libgfortran.so.4.0.0
7f11510ea000-7f11510eb000 rw-p 00000000 00:00 0 
7f11510eb000-7f1151923000 r-xp 00000000 08:05 3147051                    /home/sitdikov/IdeaProjects/fonetic-asr/lid/libvosk_jni_cpu.so
7f1151923000-7f1151b22000 ---p 00838000 08:05 3147051                    /home/sitdikov/IdeaProjects/fonetic-asr/lid/libvosk_jni_cpu.so
7f1151b22000-7f1151b33000 r--p 00837000 08:05 3147051                    /home/sitdikov/IdeaProjects/fonetic-asr/lid/libvosk_jni_cpu.so
7f1151b33000-7f1151b3f000 rw-p 00848000 08:05 3147051                    /home/sitdikov/IdeaProjects/fonetic-asr/lid/libvosk_jni_cpu.so
7f1151b3f000-7f1151b40000 rw-p 00000000 00:00 0 
7f1151b69000-7f1151ba9000 rw-p 00000000 00:00 0 
7f1151ba9000-7f1151d69000 ---p 00000000 00:00 0 
7f1151d69000-7f1151d6d000 ---p 00000000 00:00 0 
7f1151d6d000-7f1151e6a000 rw-p 00000000 00:00 0 
7f1151e6a000-7f1151e6b000 ---p 00000000 00:00 0 
7f1151e6b000-7f1151f6c000 rw-p 00000000 00:00 0 
7f1151f6c000-7f1151f6d000 ---p 00000000 00:00 0 
7f1151f6d000-7f115206e000 rw-p 00000000 00:00 0 
7f115206e000-7f115206f000 ---p 00000000 00:00 0 
7f115206f000-7f1152170000 rw-p 00000000 00:00 0 
7f1152170000-7f1152174000 ---p 00000000 00:00 0 
7f1152174000-7f1152271000 rw-p 00000000 00:00 0 
7f1152271000-7f1152273000 r-xp 00000000 08:03 1581264                    /usr/lib/jvm/java-11-openjdk-amd64/lib/libextnet.so
7f1152273000-7f1152472000 ---p 00002000 08:03 1581264                    /usr/lib/jvm/java-11-openjdk-amd64/lib/libextnet.so
7f1152472000-7f1152473000 r--p 00001000 08:03 1581264                    /usr/lib/jvm/java-11-openjdk-amd64/lib/libextnet.so
7f1152473000-7f1152474000 rw-p 00002000 08:03 1581264                    /usr/lib/jvm/java-11-openjdk-amd64/lib/libextnet.so
7f1152474000-7f1152475000 ---p 00000000 00:00 0 
7f1152475000-7f1152576000 rw-p 00000000 00:00 0 
7f1152576000-7f115257a000 ---p 00000000 00:00 0 
7f115257a000-7f1152677000 rw-p 00000000 00:00 0 
7f1152677000-7f115267b000 ---p 00000000 00:00 0 
7f115267b000-7f1152778000 rw-p 00000000 00:00 0 
7f1152778000-7f115278e000 r-xp 00000000 08:03 1581283                    /usr/lib/jvm/java-11-openjdk-amd64/lib/libnet.so
7f115278e000-7f115298d000 ---p 00016000 08:03 1581283                    /usr/lib/jvm/java-11-openjdk-amd64/lib/libnet.so
7f115298d000-7f115298e000 r--p 00015000 08:03 1581283                    /usr/lib/jvm/java-11-openjdk-amd64/lib/libnet.so
7f115298e000-7f115298f000 rw-p 00016000 08:03 1581283                    /usr/lib/jvm/java-11-openjdk-amd64/lib/libnet.so
7f115298f000-7f115299f000 r-xp 00000000 08:03 1581284                    /usr/lib/jvm/java-11-openjdk-amd64/lib/libnio.so
7f115299f000-7f1152b9e000 ---p 00010000 08:03 1581284                    /usr/lib/jvm/java-11-openjdk-amd64/lib/libnio.so
7f1152b9e000-7f1152b9f000 r--p 0000f000 08:03 1581284                    /usr/lib/jvm/java-11-openjdk-amd64/lib/libnio.so
7f1152b9f000-7f1152ba0000 rw-p 00010000 08:03 1581284                    /usr/lib/jvm/java-11-openjdk-amd64/lib/libnio.so
7f1152ba0000-7f1152ba4000 ---p 00000000 00:00 0 
7f1152ba4000-7f1152ca1000 rw-p 00000000 00:00 0 
7f1152ca1000-7f1152ca5000 ---p 00000000 00:00 0 
7f1152ca5000-7f1152da2000 rw-p 00000000 00:00 0 
7f1152da2000-7f1152da6000 ---p 00000000 00:00 0 
7f1152da6000-7f1152ea3000 rw-p 00000000 00:00 0 
7f1152ea3000-7f1152ea7000 ---p 00000000 00:00 0 
7f1152ea7000-7f1152fa4000 rw-p 00000000 00:00 0 
7f1152fa4000-7f1152fa8000 ---p 00000000 00:00 0 
7f1152fa8000-7f11530a5000 rw-p 00000000 00:00 0 
7f11530a5000-7f11534fc000 r--p 00000000 08:03 1583050                    /usr/lib/locale/locale-archive
7f11534fc000-7f1153500000 ---p 00000000 00:00 0 
7f1153500000-7f11535fd000 rw-p 00000000 00:00 0 
7f11535fd000-7f1153601000 ---p 00000000 00:00 0 
7f1153601000-7f11536fe000 rw-p 00000000 00:00 0 
7f11536fe000-7f11536ff000 ---p 00000000 00:00 0 
7f11536ff000-7f1154000000 rw-p 00000000 00:00 0 
7f1154000000-7f1154021000 rw-p 00000000 00:00 0 
7f1154021000-7f1158000000 ---p 00000000 00:00 0 
7f1158000000-7f1158021000 rw-p 00000000 00:00 0 
7f1158021000-7f115c000000 ---p 00000000 00:00 0 
7f115c000000-7f115c021000 rw-p 00000000 00:00 0 
7f115c021000-7f1160000000 ---p 00000000 00:00 0 
7f1160029000-7f116002a000 ---p 00000000 00:00 0 
7f116002a000-7f116012b000 rw-p 00000000 00:00 0 
7f116012b000-7f116012c000 ---p 00000000 00:00 0 
7f116012c000-7f1160908000 rw-p 00000000 00:00 0 
7f1160908000-7f1163290000 ---p 00000000 00:00 0 
7f1163290000-7f1163298000 rw-p 00000000 00:00 0 
7f1163298000-7f1164298000 ---p 00000000 00:00 0 
7f1164298000-7f1164670000 rw-p 00000000 00:00 0 
7f1164670000-7f1166ff8000 ---p 00000000 00:00 0 
7f1166ff8000-7f1167000000 rw-p 00000000 00:00 0 
7f1167000000-7f1168000000 ---p 00000000 00:00 0 
7f1168000000-7f1168021000 rw-p 00000000 00:00 0 
7f1168021000-7f116c000000 ---p 00000000 00:00 0 
7f116c044000-7f116e1c6000 rw-p 00000000 00:00 0 
7f116e1c6000-7f116e1c7000 ---p 00000000 00:00 0 
7f116e1c7000-7f116e2c8000 rw-p 00000000 00:00 0 
7f116e2c8000-7f116e2c9000 ---p 00000000 00:00 0 
7f116e2c9000-7f116e445000 rw-p 00000000 00:00 0 
7f116e445000-7f116e976000 ---p 00000000 00:00 0 
7f116e976000-7f116e977000 rw-p 00000000 00:00 0 
7f116e977000-7f116eb77000 ---p 00000000 00:00 0 
7f116eb77000-7f116ebf2000 rw-p 00000000 00:00 0 
7f116ebf2000-7f116f123000 ---p 00000000 00:00 0 
7f116f123000-7f116f124000 rw-p 00000000 00:00 0 
7f116f124000-7f116f324000 ---p 00000000 00:00 0 
7f116f324000-7f116f39f000 rw-p 00000000 00:00 0 
7f116f39f000-7f116f8d0000 ---p 00000000 00:00 0 
7f116f8d0000-7f116f8d1000 rw-p 00000000 00:00 0 
7f116f8d1000-7f116fad1000 ---p 00000000 00:00 0 
7f116fad1000-7f116fed5000 rw-p 00000000 00:00 0 
7f116fed5000-7f116fed6000 ---p 00000000 00:00 0 
7f116fed6000-7f116ffdc000 rw-p 00000000 00:00 0 
7f116ffdc000-7f11700c2000 ---p 00000000 00:00 0 
7f11700c2000-7f1170332000 rwxp 00000000 00:00 0 
7f1170332000-7f1170652000 ---p 00000000 00:00 0 
7f1170652000-7f1170ac2000 rwxp 00000000 00:00 0 
7f1170ac2000-7f1177b8a000 ---p 00000000 00:00 0 
7f1177b8a000-7f1177dfa000 rwxp 00000000 00:00 0 
7f1177dfa000-7f117f0c2000 ---p 00000000 00:00 0 
7f117f0c2000-7f117f0c9000 r-xp 00000000 08:03 1581292                    /usr/lib/jvm/java-11-openjdk-amd64/lib/libzip.so
7f117f0c9000-7f117f2c8000 ---p 00007000 08:03 1581292                    /usr/lib/jvm/java-11-openjdk-amd64/lib/libzip.so
7f117f2c8000-7f117f2c9000 r--p 00006000 08:03 1581292                    /usr/lib/jvm/java-11-openjdk-amd64/lib/libzip.so
7f117f2c9000-7f117f2ca000 rw-p 00007000 08:03 1581292                    /usr/lib/jvm/java-11-openjdk-amd64/lib/libzip.so
7f117f2ca000-7f117f2d5000 r-xp 00000000 08:03 1180224                    /lib/x86_64-linux-gnu/libnss_files-2.27.so
7f117f2d5000-7f117f4d4000 ---p 0000b000 08:03 1180224                    /lib/x86_64-linux-gnu/libnss_files-2.27.so
7f117f4d4000-7f117f4d5000 r--p 0000a000 08:03 1180224                    /lib/x86_64-linux-gnu/libnss_files-2.27.so
7f117f4d5000-7f117f4d6000 rw-p 0000b000 08:03 1180224                    /lib/x86_64-linux-gnu/libnss_files-2.27.so
7f117f4d6000-7f117f4dc000 rw-p 00000000 00:00 0 
7f117f4dc000-7f117f4f3000 r-xp 00000000 08:03 1180221                    /lib/x86_64-linux-gnu/libnsl-2.27.so
7f117f4f3000-7f117f6f2000 ---p 00017000 08:03 1180221                    /lib/x86_64-linux-gnu/libnsl-2.27.so
7f117f6f2000-7f117f6f3000 r--p 00016000 08:03 1180221                    /lib/x86_64-linux-gnu/libnsl-2.27.so
7f117f6f3000-7f117f6f4000 rw-p 00017000 08:03 1180221                    /lib/x86_64-linux-gnu/libnsl-2.27.so
7f117f6f4000-7f117f6f6000 rw-p 00000000 00:00 0 
7f117f6f6000-7f117f701000 r-xp 00000000 08:03 1180226                    /lib/x86_64-linux-gnu/libnss_nis-2.27.so
7f117f701000-7f117f900000 ---p 0000b000 08:03 1180226                    /lib/x86_64-linux-gnu/libnss_nis-2.27.so
7f117f900000-7f117f901000 r--p 0000a000 08:03 1180226                    /lib/x86_64-linux-gnu/libnss_nis-2.27.so
7f117f901000-7f117f902000 rw-p 0000b000 08:03 1180226                    /lib/x86_64-linux-gnu/libnss_nis-2.27.so
7f117f902000-7f1188000000 r--s 00000000 08:03 1581293                    /usr/lib/jvm/java-11-openjdk-amd64/lib/modules
7f1188000000-7f118bfda000 rw-p 00000000 00:00 0 
7f118bfda000-7f118c000000 ---p 00000000 00:00 0 
7f118c07b000-7f118c0df000 rw-p 00000000 00:00 0 
7f118c0df000-7f118c1c1000 ---p 00000000 00:00 0 
7f118c1c1000-7f118c1c9000 r-xp 00000000 08:03 1180222                    /lib/x86_64-linux-gnu/libnss_compat-2.27.so
7f118c1c9000-7f118c3c9000 ---p 00008000 08:03 1180222                    /lib/x86_64-linux-gnu/libnss_compat-2.27.so
7f118c3c9000-7f118c3ca000 r--p 00008000 08:03 1180222                    /lib/x86_64-linux-gnu/libnss_compat-2.27.so
7f118c3ca000-7f118c3cb000 rw-p 00009000 08:03 1180222                    /lib/x86_64-linux-gnu/libnss_compat-2.27.so
7f118c3cb000-7f118c3d5000 r-xp 00000000 08:03 1581266                    /usr/lib/jvm/java-11-openjdk-amd64/lib/libinstrument.so
7f118c3d5000-7f118c5d4000 ---p 0000a000 08:03 1581266                    /usr/lib/jvm/java-11-openjdk-amd64/lib/libinstrument.so
7f118c5d4000-7f118c5d5000 r--p 00009000 08:03 1581266                    /usr/lib/jvm/java-11-openjdk-amd64/lib/libinstrument.so
7f118c5d5000-7f118c5d6000 rw-p 0000a000 08:03 1581266                    /usr/lib/jvm/java-11-openjdk-amd64/lib/libinstrument.so
7f118c5d6000-7f118c5db000 r-xp 00000000 08:03 1581275                    /usr/lib/jvm/java-11-openjdk-amd64/lib/libjimage.so
7f118c5db000-7f118c7da000 ---p 00005000 08:03 1581275                    /usr/lib/jvm/java-11-openjdk-amd64/lib/libjimage.so
7f118c7da000-7f118c7db000 r--p 00004000 08:03 1581275                    /usr/lib/jvm/java-11-openjdk-amd64/lib/libjimage.so
7f118c7db000-7f118c7dc000 rw-p 00005000 08:03 1581275                    /usr/lib/jvm/java-11-openjdk-amd64/lib/libjimage.so
7f118c7dc000-7f118c805000 r-xp 00000000 08:03 1581271                    /usr/lib/jvm/java-11-openjdk-amd64/lib/libjava.so
7f118c805000-7f118ca05000 ---p 00029000 08:03 1581271                    /usr/lib/jvm/java-11-openjdk-amd64/lib/libjava.so
7f118ca05000-7f118ca06000 r--p 00029000 08:03 1581271                    /usr/lib/jvm/java-11-openjdk-amd64/lib/libjava.so
7f118ca06000-7f118ca07000 rw-p 0002a000 08:03 1581271                    /usr/lib/jvm/java-11-openjdk-amd64/lib/libjava.so
7f118ca07000-7f118ca08000 rw-p 00000000 00:00 0 
7f118ca08000-7f118ca15000 r-xp 00000000 08:03 1581291                    /usr/lib/jvm/java-11-openjdk-amd64/lib/libverify.so
7f118ca15000-7f118cc14000 ---p 0000d000 08:03 1581291                    /usr/lib/jvm/java-11-openjdk-amd64/lib/libverify.so
7f118cc14000-7f118cc16000 r--p 0000c000 08:03 1581291                    /usr/lib/jvm/java-11-openjdk-amd64/lib/libverify.so
7f118cc16000-7f118cc17000 rw-p 0000e000 08:03 1581291                    /usr/lib/jvm/java-11-openjdk-amd64/lib/libverify.so
7f118cc17000-7f118cc1e000 r-xp 00000000 08:03 1180231                    /lib/x86_64-linux-gnu/librt-2.27.so
7f118cc1e000-7f118ce1d000 ---p 00007000 08:03 1180231                    /lib/x86_64-linux-gnu/librt-2.27.so
7f118ce1d000-7f118ce1e000 r--p 00006000 08:03 1180231                    /lib/x86_64-linux-gnu/librt-2.27.so
7f118ce1e000-7f118ce1f000 rw-p 00007000 08:03 1180231                    /lib/x86_64-linux-gnu/librt-2.27.so
7f118ce1f000-7f118ce36000 r-xp 00000000 08:03 1180052                    /lib/x86_64-linux-gnu/libgcc_s.so.1
7f118ce36000-7f118d035000 ---p 00017000 08:03 1180052                    /lib/x86_64-linux-gnu/libgcc_s.so.1
7f118d035000-7f118d036000 r--p 00016000 08:03 1180052                    /lib/x86_64-linux-gnu/libgcc_s.so.1
7f118d036000-7f118d037000 rw-p 00017000 08:03 1180052                    /lib/x86_64-linux-gnu/libgcc_s.so.1
7f118d037000-7f118d1d4000 r-xp 00000000 08:03 1180218                    /lib/x86_64-linux-gnu/libm-2.27.so
7f118d1d4000-7f118d3d3000 ---p 0019d000 08:03 1180218                    /lib/x86_64-linux-gnu/libm-2.27.so
7f118d3d3000-7f118d3d4000 r--p 0019c000 08:03 1180218                    /lib/x86_64-linux-gnu/libm-2.27.so
7f118d3d4000-7f118d3d5000 rw-p 0019d000 08:03 1180218                    /lib/x86_64-linux-gnu/libm-2.27.so
7f118d3d5000-7f118d54e000 r-xp 00000000 08:03 1573364                    /usr/lib/x86_64-linux-gnu/libstdc++.so.6.0.25
7f118d54e000-7f118d74e000 ---p 00179000 08:03 1573364                    /usr/lib/x86_64-linux-gnu/libstdc++.so.6.0.25
7f118d74e000-7f118d758000 r--p 00179000 08:03 1573364                    /usr/lib/x86_64-linux-gnu/libstdc++.so.6.0.25
7f118d758000-7f118d75a000 rw-p 00183000 08:03 1573364                    /usr/lib/x86_64-linux-gnu/libstdc++.so.6.0.25
7f118d75a000-7f118d75e000 rw-p 00000000 00:00 0 
7f118d75e000-7f118e83c000 r-xp 00000000 08:03 1581296                    /usr/lib/jvm/java-11-openjdk-amd64/lib/server/libjvm.so
7f118e83c000-7f118ea3b000 ---p 010de000 08:03 1581296                    /usr/lib/jvm/java-11-openjdk-amd64/lib/server/libjvm.so
7f118ea3b000-7f118eaf8000 r--p 010dd000 08:03 1581296                    /usr/lib/jvm/java-11-openjdk-amd64/lib/server/libjvm.so
7f118eaf8000-7f118eb31000 rw-p 0119a000 08:03 1581296                    /usr/lib/jvm/java-11-openjdk-amd64/lib/server/libjvm.so
7f118eb31000-7f118eb88000 rw-p 00000000 00:00 0 
7f118eb88000-7f118eba2000 r-xp 00000000 08:03 1180229                    /lib/x86_64-linux-gnu/libpthread-2.27.so
7f118eba2000-7f118eda1000 ---p 0001a000 08:03 1180229                    /lib/x86_64-linux-gnu/libpthread-2.27.so
7f118eda1000-7f118eda2000 r--p 00019000 08:03 1180229                    /lib/x86_64-linux-gnu/libpthread-2.27.so
7f118eda2000-7f118eda3000 rw-p 0001a000 08:03 1180229                    /lib/x86_64-linux-gnu/libpthread-2.27.so
7f118eda3000-7f118eda7000 rw-p 00000000 00:00 0 
7f118eda7000-7f118edaa000 r-xp 00000000 08:03 1180217                    /lib/x86_64-linux-gnu/libdl-2.27.so
7f118edaa000-7f118efa9000 ---p 00003000 08:03 1180217                    /lib/x86_64-linux-gnu/libdl-2.27.so
7f118efa9000-7f118efaa000 r--p 00002000 08:03 1180217                    /lib/x86_64-linux-gnu/libdl-2.27.so
7f118efaa000-7f118efab000 rw-p 00003000 08:03 1180217                    /lib/x86_64-linux-gnu/libdl-2.27.so
7f118efab000-7f118efc7000 r-xp 00000000 08:03 1185329                    /lib/x86_64-linux-gnu/libz.so.1.2.11
7f118efc7000-7f118f1c6000 ---p 0001c000 08:03 1185329                    /lib/x86_64-linux-gnu/libz.so.1.2.11
7f118f1c6000-7f118f1c7000 r--p 0001b000 08:03 1185329                    /lib/x86_64-linux-gnu/libz.so.1.2.11
7f118f1c7000-7f118f1c8000 rw-p 0001c000 08:03 1185329                    /lib/x86_64-linux-gnu/libz.so.1.2.11
7f118f1c8000-7f118f3af000 r-xp 00000000 08:03 1180214                    /lib/x86_64-linux-gnu/libc-2.27.so
7f118f3af000-7f118f5af000 ---p 001e7000 08:03 1180214                    /lib/x86_64-linux-gnu/libc-2.27.so
7f118f5af000-7f118f5b3000 r--p 001e7000 08:03 1180214                    /lib/x86_64-linux-gnu/libc-2.27.so
7f118f5b3000-7f118f5b5000 rw-p 001eb000 08:03 1180214                    /lib/x86_64-linux-gnu/libc-2.27.so
7f118f5b5000-7f118f5b9000 rw-p 00000000 00:00 0 
7f118f5b9000-7f118f5c9000 r-xp 00000000 08:03 1581255                    /usr/lib/jvm/java-11-openjdk-amd64/lib/jli/libjli.so
7f118f5c9000-7f118f7c8000 ---p 00010000 08:03 1581255                    /usr/lib/jvm/java-11-openjdk-amd64/lib/jli/libjli.so
7f118f7c8000-7f118f7c9000 r--p 0000f000 08:03 1581255                    /usr/lib/jvm/java-11-openjdk-amd64/lib/jli/libjli.so
7f118f7c9000-7f118f7ca000 rw-p 00010000 08:03 1581255                    /usr/lib/jvm/java-11-openjdk-amd64/lib/jli/libjli.so
7f118f7ca000-7f118f7f1000 r-xp 00000000 08:03 1180210                    /lib/x86_64-linux-gnu/ld-2.27.so
7f118f84a000-7f118f8cd000 rw-p 00000000 00:00 0 
7f118f8cd000-7f118f8d1000 ---p 00000000 00:00 0 
7f118f8d1000-7f118f9d0000 rw-p 00000000 00:00 0 
7f118f9d7000-7f118f9dc000 rw-p 00000000 00:00 0 
7f118f9dc000-7f118f9e3000 ---p 00000000 00:00 0 
7f118f9e3000-7f118f9e5000 r--s 00007000 08:03 1967420                    /usr/share/java/java-atk-wrapper.jar
7f118f9e5000-7f118f9ed000 rw-s 00000000 08:03 3407895                    /tmp/hsperfdata_sitdikov/11873
7f118f9ed000-7f118f9ee000 ---p 00000000 00:00 0 
7f118f9ee000-7f118f9ef000 r--p 00000000 00:00 0 
7f118f9ef000-7f118f9f1000 rw-p 00000000 00:00 0 
7f118f9f1000-7f118f9f2000 r--p 00027000 08:03 1180210                    /lib/x86_64-linux-gnu/ld-2.27.so
7f118f9f2000-7f118f9f3000 rw-p 00028000 08:03 1180210                    /lib/x86_64-linux-gnu/ld-2.27.so
7f118f9f3000-7f118f9f4000 rw-p 00000000 00:00 0 
7fff747ea000-7fff7480b000 rw-p 00000000 00:00 0                          [stack]
7fff74815000-7fff74818000 r--p 00000000 00:00 0                          [vvar]
7fff74818000-7fff74819000 r-xp 00000000 00:00 0                          [vdso]
ffffffffff600000-ffffffffff601000 --xp 00000000 00:00 0                  [vsyscall]


VM Arguments:
jvm_args: -Djava.library.path=/home/sitdikov/IdeaProjects/fonetic-asr/lid/ -javaagent:/home/sitdikov/idea-IU-201.6668.121/lib/idea_rt.jar=44721:/home/sitdikov/idea-IU-201.6668.121/bin -Dfile.encoding=UTF-8 
java_command: l2m.LidMain
java_class_path (initial): /home/sitdikov/IdeaProjects/fonetic-asr/target/classes:/home/sitdikov/.m2/repository/com/fasterxml/jackson/core/jackson-databind/2.10.0/jackson-databind-2.10.0.jar:/home/sitdikov/.m2/repository/com/fasterxml/jackson/core/jackson-annotations/2.10.0/jackson-annotations-2.10.0.jar:/home/sitdikov/.m2/repository/com/fasterxml/jackson/core/jackson-core/2.10.0/jackson-core-2.10.0.jar
Launcher Type: SUN_STANDARD

[Global flags]
     intx CICompilerCount                          = 3                                         {product} {ergonomic}
     uint ConcGCThreads                            = 1                                         {product} {ergonomic}
     uint G1ConcRefinementThreads                  = 4                                         {product} {ergonomic}
   size_t G1HeapRegionSize                         = 1048576                                   {product} {ergonomic}
    uintx GCDrainStackTargetSize                   = 64                                        {product} {ergonomic}
   size_t InitialHeapSize                          = 257949696                                 {product} {ergonomic}
   size_t MarkStackSize                            = 4194304                                   {product} {ergonomic}
   size_t MaxHeapSize                              = 4120903680                                {product} {ergonomic}
   size_t MaxNewSize                               = 2472542208                                {product} {ergonomic}
   size_t MinHeapDeltaBytes                        = 1048576                                   {product} {ergonomic}
    uintx NonNMethodCodeHeapSize                   = 5830732                                {pd product} {ergonomic}
    uintx NonProfiledCodeHeapSize                  = 122913754                              {pd product} {ergonomic}
    uintx ProfiledCodeHeapSize                     = 122913754                              {pd product} {ergonomic}
    uintx ReservedCodeCacheSize                    = 251658240                              {pd product} {ergonomic}
     bool SegmentedCodeCache                       = true                                      {product} {ergonomic}
     bool UseCompressedClassPointers               = true                                 {lp64_product} {ergonomic}
     bool UseCompressedOops                        = true                                 {lp64_product} {ergonomic}
     bool UseG1GC                                  = true                                      {product} {ergonomic}

Logging:
Log output configuration:
 #0: stdout all=warning uptime,level,tags
 #1: stderr all=off uptime,level,tags

Environment Variables:
JAVA_HOME=/usr/lib/jvm/java-1.8.0-openjdk-amd64
PATH=/usr/local/sbin:/usr/local/bin:/usr/sbin:/usr/bin:/sbin:/bin:/usr/games:/usr/local/games:/snap/bin:/home/sitdikov/bin:/usr/lib/jvm/java-1.8.0-openjdk-amd64/bin
USERNAME=sitdikov
SHELL=/bin/bash
DISPLAY=:1
LANG=en_US.UTF-8

Signal Handlers:
SIGSEGV: [libjvm.so+0xdf9610], sa_mask[0]=11111111011111111101111111111110, sa_flags=SA_RESTART|SA_SIGINFO
SIGBUS: [libjvm.so+0xdf9610], sa_mask[0]=11111111011111111101111111111110, sa_flags=SA_RESTART|SA_SIGINFO
SIGFPE: [libjvm.so+0xdf9610], sa_mask[0]=11111111011111111101111111111110, sa_flags=SA_RESTART|SA_SIGINFO
SIGPIPE: [libjvm.so+0xbcc360], sa_mask[0]=11111111011111111101111111111110, sa_flags=SA_RESTART|SA_SIGINFO
SIGXFSZ: [libjvm.so+0xbcc360], sa_mask[0]=11111111011111111101111111111110, sa_flags=SA_RESTART|SA_SIGINFO
SIGILL: [libjvm.so+0xdf9610], sa_mask[0]=11111111011111111101111111111110, sa_flags=SA_RESTART|SA_SIGINFO
SIGUSR2: [libjvm.so+0xbcc200], sa_mask[0]=00100000000000000000000000000000, sa_flags=SA_RESTART|SA_SIGINFO
SIGHUP: [libjvm.so+0xbcc560], sa_mask[0]=11111111011111111101111111111110, sa_flags=SA_RESTART|SA_SIGINFO
SIGINT: [libjvm.so+0xbcc560], sa_mask[0]=11111111011111111101111111111110, sa_flags=SA_RESTART|SA_SIGINFO
SIGTERM: [libjvm.so+0xbcc560], sa_mask[0]=11111111011111111101111111111110, sa_flags=SA_RESTART|SA_SIGINFO
SIGQUIT: [libjvm.so+0xbcc560], sa_mask[0]=11111111011111111101111111111110, sa_flags=SA_RESTART|SA_SIGINFO


---------------  S Y S T E M  ---------------

OS:DISTRIB_ID=Ubuntu
DISTRIB_RELEASE=18.04
DISTRIB_CODENAME=bionic
DISTRIB_DESCRIPTION="Ubuntu 18.04.4 LTS"
uname:Linux 5.4.0-48-generic #52~18.04.1-Ubuntu SMP Thu Sep 10 12:50:22 UTC 2020 x86_64
OS uptime: 0 days 1:23 hours
libc:glibc 2.27 NPTL 2.27 
rlimit (soft/hard): STACK 8192k/infinity , CORE 0k/infinity , NPROC 62686/62686 , NOFILE 1048576/1048576 , AS infinity/infinity , CPU infinity/infinity , DATA infinity/infinity , FSIZE infinity/infinity , MEMLOCK 16384k/16384k
load average:1,30 1,33 1,17

/proc/meminfo:
MemTotal:       16095656 kB
MemFree:         1428732 kB
MemAvailable:    7684036 kB
Buffers:          506120 kB
Cached:          5959808 kB
SwapCached:          552 kB
Active:          9121512 kB
Inactive:        4567172 kB
Active(anon):    6998592 kB
Inactive(anon):   618712 kB
Active(file):    2122920 kB
Inactive(file):  3948460 kB
Unevictable:        1084 kB
Mlocked:              48 kB
SwapTotal:       8388604 kB
SwapFree:        8385532 kB
Dirty:               116 kB
Writeback:             0 kB
AnonPages:       7223648 kB
Mapped:          1341896 kB
Shmem:            399112 kB
KReclaimable:     526064 kB
Slab:             702100 kB
SReclaimable:     526064 kB
SUnreclaim:       176036 kB
KernelStack:       20160 kB
PageTables:        80656 kB
NFS_Unstable:          0 kB
Bounce:                0 kB
WritebackTmp:          0 kB
CommitLimit:    16436432 kB
Committed_AS:   16601732 kB
VmallocTotal:   34359738367 kB
VmallocUsed:       60388 kB
VmallocChunk:          0 kB
Percpu:             3520 kB
HardwareCorrupted:     0 kB
AnonHugePages:         0 kB
ShmemHugePages:        0 kB
ShmemPmdMapped:        0 kB
FileHugePages:         0 kB
FilePmdMapped:         0 kB
CmaTotal:              0 kB
CmaFree:               0 kB
HugePages_Total:       0
HugePages_Free:        0
HugePages_Rsvd:        0
HugePages_Surp:        0
Hugepagesize:       2048 kB
Hugetlb:               0 kB
DirectMap4k:      599140 kB
DirectMap2M:    13774848 kB
DirectMap1G:     2097152 kB

/sys/kernel/mm/transparent_hugepage/enabled:
always [madvise] never

/sys/kernel/mm/transparent_hugepage/defrag (defrag/compaction efforts parameter):
always defer defer+madvise [madvise] never


/proc/sys/kernel/threads-max (system-wide limit on the number of threads):
125373


/proc/sys/vm/max_map_count (maximum number of memory map areas a process may have):
65530


/proc/sys/kernel/pid_max (system-wide limit on number of process identifiers):
32768



container (cgroup) information:
container_type: cgroupv1
cpu_cpuset_cpus: 0-3
cpu_memory_nodes: 0
active_processor_count: 4
cpu_quota: -1
cpu_period: 100000
cpu_shares: -1
memory_limit_in_bytes: -1
memory_and_swap_limit_in_bytes: -2
memory_soft_limit_in_bytes: -1
memory_usage_in_bytes: 11960274944
memory_max_usage_in_bytes: 13471350784

Steal ticks since vm start: 0
Steal ticks percentage since vm start:  0,000

CPU:total 4 (initial active 4) (4 cores per cpu, 1 threads per core) family 6 model 94 stepping 3, cmov, cx8, fxsr, mmx, sse, sse2, sse3, ssse3, sse4.1, sse4.2, popcnt, avx, avx2, aes, clmul, erms, rtm, 3dnowpref, lzcnt, tsc, tscinvbit, bmi1, bmi2, adx, fma
CPU Model and flags from /proc/cpuinfo:
model name	: Intel(R) Core(TM) i5-6500 CPU @ 3.20GHz
flags		: fpu vme de pse tsc msr pae mce cx8 apic sep mtrr pge mca cmov pat pse36 clflush dts acpi mmx fxsr sse sse2 ss ht tm pbe syscall nx pdpe1gb rdtscp lm constant_tsc art arch_perfmon pebs bts rep_good nopl xtopology nonstop_tsc cpuid aperfmperf pni pclmulqdq dtes64 monitor ds_cpl vmx smx est tm2 ssse3 sdbg fma cx16 xtpr pdcm pcid sse4_1 sse4_2 x2apic movbe popcnt tsc_deadline_timer aes xsave avx f16c rdrand lahf_lm abm 3dnowprefetch cpuid_fault epb invpcid_single pti ssbd ibrs ibpb stibp tpr_shadow vnmi flexpriority ept vpid ept_ad fsgsbase tsc_adjust bmi1 hle avx2 smep bmi2 erms invpcid rtm mpx rdseed adx smap clflushopt intel_pt xsaveopt xsavec xgetbv1 xsaves dtherm ida arat pln pts hwp hwp_notify hwp_act_window hwp_epp md_clear flush_l1d

Memory: 4k page, physical 16095656k(1428732k free), swap 8388604k(8385532k free)

vm_info: OpenJDK 64-Bit Server VM (11.0.8+10-post-Ubuntu-0ubuntu118.04.1) for linux-amd64 JRE (11.0.8+10-post-Ubuntu-0ubuntu118.04.1), built on Jul 15 2020 20:45:24 by "unknown" with gcc 7.5.0

END.
